2023-12-09 23:39:26.813 [info] Log level: Info
2023-12-09 23:39:26.813 [info] Validating found git in: "git"
2023-12-09 23:39:26.813 [info] Using git "2.43.0" from "git"
2023-12-09 23:39:26.813 [info] > git rev-parse --show-toplevel [28ms]
2023-12-09 23:39:26.813 [info] > git rev-parse --git-dir --git-common-dir [47ms]
2023-12-09 23:39:26.813 [info] Open repository: /home/adithyan/.config
2023-12-09 23:39:26.813 [info] > git rev-parse --show-toplevel [17ms]
2023-12-09 23:39:26.813 [info] > git config --get commit.template [30ms]
2023-12-09 23:39:26.841 [info] > git rev-parse --show-toplevel [17ms]
2023-12-09 23:39:26.860 [info] > git for-each-ref --format=%(refname)%00%(upstream:short)%00%(objectname)%00%(upstream:track)%00%(upstream:remotename)%00%(upstream:remoteref) refs/heads/main refs/remotes/main [24ms]
2023-12-09 23:39:26.879 [info] > git rev-parse --show-toplevel [23ms]
2023-12-09 23:39:26.899 [info] > git rev-parse --show-toplevel [3ms]
2023-12-09 23:39:26.915 [info] > git rev-parse --show-toplevel [3ms]
2023-12-09 23:39:26.930 [info] > git rev-parse --show-toplevel [3ms]
2023-12-09 23:39:26.952 [info] > git status -z -uall [80ms]
2023-12-09 23:39:26.953 [info] > git rev-parse --show-toplevel [8ms]
2023-12-09 23:39:27.463 [info] > git config --get commit.template [375ms]
2023-12-09 23:39:27.463 [info] > git rev-parse --show-toplevel [391ms]
2023-12-09 23:39:27.534 [info] > git check-ignore -v -z --stdin [54ms]
2023-12-09 23:39:27.538 [info] > git rev-parse --show-toplevel [42ms]
2023-12-09 23:39:27.556 [info] > git for-each-ref --format=%(refname)%00%(upstream:short)%00%(objectname)%00%(upstream:track)%00%(upstream:remotename)%00%(upstream:remoteref) refs/heads/main refs/remotes/main [26ms]
2023-12-09 23:39:27.623 [info] > git status -z -uall [50ms]
2023-12-09 23:39:27.663 [info] > git rev-parse --show-toplevel [109ms]
2023-12-09 23:39:27.694 [info] > git rev-parse --show-toplevel [15ms]
2023-12-09 23:39:27.711 [info] > git rev-parse --show-toplevel [2ms]
2023-12-09 23:39:27.878 [info] > git rev-parse --show-toplevel [152ms]
2023-12-09 23:39:27.893 [info] > git rev-parse --show-toplevel [6ms]
2023-12-09 23:39:27.905 [info] > git rev-parse --show-toplevel [3ms]
2023-12-09 23:39:27.914 [info] > git rev-parse --show-toplevel [2ms]
2023-12-09 23:39:27.925 [info] > git rev-parse --show-toplevel [2ms]
2023-12-09 23:39:27.935 [info] > git rev-parse --show-toplevel [1ms]
2023-12-09 23:39:27.947 [info] > git rev-parse --show-toplevel [3ms]
2023-12-09 23:39:27.958 [info] > git rev-parse --show-toplevel [2ms]
2023-12-09 23:39:27.968 [info] > git rev-parse --show-toplevel [2ms]
2023-12-09 23:39:27.978 [info] > git rev-parse --show-toplevel [1ms]
2023-12-09 23:39:27.986 [info] > git rev-parse --show-toplevel [2ms]
2023-12-09 23:39:27.993 [info] > git rev-parse --show-toplevel [1ms]
2023-12-09 23:39:28.006 [info] > git rev-parse --show-toplevel [2ms]
2023-12-09 23:39:28.015 [info] > git rev-parse --show-toplevel [2ms]
2023-12-09 23:39:28.024 [info] > git rev-parse --show-toplevel [1ms]
2023-12-09 23:39:28.032 [info] > git rev-parse --show-toplevel [1ms]
2023-12-09 23:39:28.433 [info] > git show --textconv :waybar/config.jsonc [9ms]
2023-12-09 23:39:28.435 [info] > git ls-files --stage -- /home/adithyan/.config/waybar/config.jsonc [3ms]
2023-12-09 23:39:28.444 [info] > git cat-file -s a73fd5e23505ecab2e7c9b24a957a052ba19893e [3ms]
2023-12-09 23:39:29.955 [info] > git config --get commit.template [24ms]
2023-12-09 23:39:29.957 [info] > git for-each-ref --format=%(refname)%00%(upstream:short)%00%(objectname)%00%(upstream:track)%00%(upstream:remotename)%00%(upstream:remoteref) refs/heads/main refs/remotes/main [5ms]
2023-12-09 23:39:29.998 [info] > git status -z -uall [26ms]
2023-12-09 23:39:32.743 [info] > git show --textconv :hypr/hyprland.conf [23ms]
2023-12-09 23:39:32.748 [info] > git ls-files --stage -- /home/adithyan/.config/hypr/hyprland.conf [7ms]
2023-12-09 23:39:32.764 [info] > git cat-file -s 0c5a45c3db538d2510177036c0b0f2781aa53a68 [3ms]
2023-12-09 23:39:35.058 [info] > git config --get commit.template [23ms]
2023-12-09 23:39:35.072 [info] > git for-each-ref --format=%(refname)%00%(upstream:short)%00%(objectname)%00%(upstream:track)%00%(upstream:remotename)%00%(upstream:remoteref) refs/heads/main refs/remotes/main [17ms]
2023-12-09 23:39:35.112 [info] > git status -z -uall [29ms]
2023-12-09 23:39:40.148 [info] > git config --get commit.template [6ms]
2023-12-09 23:39:40.149 [info] > git for-each-ref --format=%(refname)%00%(upstream:short)%00%(objectname)%00%(upstream:track)%00%(upstream:remotename)%00%(upstream:remoteref) refs/heads/main refs/remotes/main [2ms]
2023-12-09 23:39:40.168 [info] > git status -z -uall [13ms]
2023-12-09 23:39:45.204 [info] > git config --get commit.template [6ms]
2023-12-09 23:39:45.204 [info] > git for-each-ref --format=%(refname)%00%(upstream:short)%00%(objectname)%00%(upstream:track)%00%(upstream:remotename)%00%(upstream:remoteref) refs/heads/main refs/remotes/main [1ms]
2023-12-09 23:39:45.223 [info] > git status -z -uall [13ms]
2023-12-09 23:39:50.252 [info] > git config --get commit.template [8ms]
2023-12-09 23:39:50.253 [info] > git for-each-ref --format=%(refname)%00%(upstream:short)%00%(objectname)%00%(upstream:track)%00%(upstream:remotename)%00%(upstream:remoteref) refs/heads/main refs/remotes/main [2ms]
2023-12-09 23:39:50.274 [info] > git status -z -uall [14ms]
2023-12-09 23:39:55.329 [info] > git config --get commit.template [23ms]
2023-12-09 23:39:55.331 [info] > git for-each-ref --format=%(refname)%00%(upstream:short)%00%(objectname)%00%(upstream:track)%00%(upstream:remotename)%00%(upstream:remoteref) refs/heads/main refs/remotes/main [5ms]
2023-12-09 23:39:55.379 [info] > git status -z -uall [29ms]
2023-12-09 23:40:00.416 [info] > git config --get commit.template [12ms]
2023-12-09 23:40:00.417 [info] > git for-each-ref --format=%(refname)%00%(upstream:short)%00%(objectname)%00%(upstream:track)%00%(upstream:remotename)%00%(upstream:remoteref) refs/heads/main refs/remotes/main [2ms]
2023-12-09 23:40:00.452 [info] > git status -z -uall [24ms]
2023-12-09 23:40:05.512 [info] > git config --get commit.template [22ms]
2023-12-09 23:40:05.514 [info] > git for-each-ref --format=%(refname)%00%(upstream:short)%00%(objectname)%00%(upstream:track)%00%(upstream:remotename)%00%(upstream:remoteref) refs/heads/main refs/remotes/main [7ms]
2023-12-09 23:40:05.556 [info] > git status -z -uall [28ms]
2023-12-09 23:40:10.615 [info] > git config --get commit.template [22ms]
2023-12-09 23:40:10.616 [info] > git for-each-ref --format=%(refname)%00%(upstream:short)%00%(objectname)%00%(upstream:track)%00%(upstream:remotename)%00%(upstream:remoteref) refs/heads/main refs/remotes/main [5ms]
2023-12-09 23:40:10.663 [info] > git status -z -uall [30ms]
2023-12-09 23:40:15.716 [info] > git config --get commit.template [20ms]
2023-12-09 23:40:15.719 [info] > git for-each-ref --format=%(refname)%00%(upstream:short)%00%(objectname)%00%(upstream:track)%00%(upstream:remotename)%00%(upstream:remoteref) refs/heads/main refs/remotes/main [4ms]
2023-12-09 23:40:15.776 [info] > git status -z -uall [40ms]
2023-12-09 23:40:20.810 [info] > git config --get commit.template [6ms]
2023-12-09 23:40:20.810 [info] > git for-each-ref --format=%(refname)%00%(upstream:short)%00%(objectname)%00%(upstream:track)%00%(upstream:remotename)%00%(upstream:remoteref) refs/heads/main refs/remotes/main [1ms]
2023-12-09 23:40:20.828 [info] > git status -z -uall [14ms]
2023-12-09 23:40:25.864 [info] > git config --get commit.template [6ms]
2023-12-09 23:40:25.864 [info] > git for-each-ref --format=%(refname)%00%(upstream:short)%00%(objectname)%00%(upstream:track)%00%(upstream:remotename)%00%(upstream:remoteref) refs/heads/main refs/remotes/main [2ms]
2023-12-09 23:40:25.882 [info] > git status -z -uall [14ms]
2023-12-09 23:40:31.310 [info] > git config --get commit.template [23ms]
2023-12-09 23:40:31.311 [info] > git for-each-ref --format=%(refname)%00%(upstream:short)%00%(objectname)%00%(upstream:track)%00%(upstream:remotename)%00%(upstream:remoteref) refs/heads/main refs/remotes/main [2ms]
2023-12-09 23:40:31.378 [info] > git status -z -uall [52ms]
