2023-11-26 18:03:30.279 [info] Log level: Info
2023-11-26 18:03:30.280 [info] Validating found git in: "git"
2023-11-26 18:03:30.280 [info] Using git "2.42.1" from "git"
2023-11-26 18:03:30.280 [info] > git rev-parse --show-toplevel [11ms]
2023-11-26 18:03:30.280 [info] > git rev-parse --git-dir --git-common-dir [20ms]
2023-11-26 18:03:30.280 [info] Open repository: /home/adithyan/.config
2023-11-26 18:03:30.283 [info] > git rev-parse --show-toplevel [9ms]
2023-11-26 18:03:30.284 [info] > git config --get commit.template [20ms]
2023-11-26 18:03:30.314 [info] > git rev-parse --show-toplevel [18ms]
2023-11-26 18:03:30.325 [info] > git for-each-ref --format=%(refname)%00%(upstream:short)%00%(objectname)%00%(upstream:track)%00%(upstream:remotename)%00%(upstream:remoteref) refs/heads/main refs/remotes/main [15ms]
2023-11-26 18:03:30.339 [info] > git rev-parse --show-toplevel [14ms]
2023-11-26 18:03:30.360 [info] > git status -z -uall [23ms]
2023-11-26 18:03:30.360 [info] > git rev-parse --show-toplevel [12ms]
2023-11-26 18:03:30.392 [info] > git rev-parse --show-toplevel [10ms]
2023-11-26 18:03:30.403 [info] > git config --get commit.template [11ms]
2023-11-26 18:03:30.411 [info] > git rev-parse --show-toplevel [10ms]
2023-11-26 18:03:30.424 [info] > git for-each-ref --format=%(refname)%00%(upstream:short)%00%(objectname)%00%(upstream:track)%00%(upstream:remotename)%00%(upstream:remoteref) refs/heads/main refs/remotes/main [14ms]
2023-11-26 18:03:30.439 [info] > git rev-parse --show-toplevel [16ms]
2023-11-26 18:03:30.512 [info] > git status -z -uall [77ms]
2023-11-26 18:03:30.512 [info] > git rev-parse --show-toplevel [59ms]
2023-11-26 18:03:30.545 [info] > git rev-parse --show-toplevel [16ms]
2023-11-26 18:03:30.565 [info] > git rev-parse --show-toplevel [4ms]
2023-11-26 18:03:30.580 [info] > git rev-parse --show-toplevel [5ms]
2023-11-26 18:03:30.596 [info] > git rev-parse --show-toplevel [5ms]
2023-11-26 18:03:30.607 [info] > git rev-parse --show-toplevel [2ms]
2023-11-26 18:03:30.623 [info] > git rev-parse --show-toplevel [7ms]
2023-11-26 18:03:30.632 [info] > git rev-parse --show-toplevel [2ms]
2023-11-26 18:03:30.645 [info] > git rev-parse --show-toplevel [3ms]
2023-11-26 18:03:30.665 [info] > git rev-parse --show-toplevel [3ms]
2023-11-26 18:03:30.680 [info] > git rev-parse --show-toplevel [2ms]
2023-11-26 18:03:30.694 [info] > git rev-parse --show-toplevel [2ms]
2023-11-26 18:03:30.831 [info] > git check-ignore -v -z --stdin [3ms]
2023-11-26 18:03:31.058 [info] > git show --textconv :waybar/config.jsonc [15ms]
2023-11-26 18:03:31.061 [info] > git ls-files --stage -- /home/adithyan/.config/waybar/config.jsonc [4ms]
2023-11-26 18:03:31.075 [info] > git cat-file -s fc1a7de13573b1297c4d79f086478e7376ac2f27 [2ms]
2023-11-26 18:03:32.608 [info] > git config --get commit.template [6ms]
2023-11-26 18:03:32.609 [info] > git for-each-ref --format=%(refname)%00%(upstream:short)%00%(objectname)%00%(upstream:track)%00%(upstream:remotename)%00%(upstream:remoteref) refs/heads/main refs/remotes/main [3ms]
2023-11-26 18:03:32.624 [info] > git status -z -uall [8ms]
2023-11-26 18:03:39.916 [info] > git config --get commit.template [24ms]
2023-11-26 18:03:39.918 [info] > git for-each-ref --format=%(refname)%00%(upstream:short)%00%(objectname)%00%(upstream:track)%00%(upstream:remotename)%00%(upstream:remoteref) refs/heads/main refs/remotes/main [5ms]
2023-11-26 18:03:39.949 [info] > git status -z -uall [18ms]
2023-11-26 18:03:44.298 [info] > git show --textconv :hypr/hyprland.conf [19ms]
2023-11-26 18:03:44.301 [info] > git ls-files --stage -- /home/adithyan/.config/hypr/hyprland.conf [4ms]
2023-11-26 18:03:44.311 [info] > git cat-file -s 9b16464cb16dc633720d751e956892722c522bd8 [2ms]
2023-11-26 18:03:45.607 [info] > git config --get commit.template [22ms]
2023-11-26 18:03:45.610 [info] > git for-each-ref --format=%(refname)%00%(upstream:short)%00%(objectname)%00%(upstream:track)%00%(upstream:remotename)%00%(upstream:remoteref) refs/heads/main refs/remotes/main [5ms]
2023-11-26 18:03:45.651 [info] > git status -z -uall [23ms]
2023-11-26 18:03:50.677 [info] > git config --get commit.template [6ms]
2023-11-26 18:03:50.677 [info] > git for-each-ref --format=%(refname)%00%(upstream:short)%00%(objectname)%00%(upstream:track)%00%(upstream:remotename)%00%(upstream:remoteref) refs/heads/main refs/remotes/main [1ms]
2023-11-26 18:03:50.690 [info] > git status -z -uall [7ms]
2023-11-26 18:03:55.710 [info] > git config --get commit.template [6ms]
2023-11-26 18:03:55.711 [info] > git for-each-ref --format=%(refname)%00%(upstream:short)%00%(objectname)%00%(upstream:track)%00%(upstream:remotename)%00%(upstream:remoteref) refs/heads/main refs/remotes/main [2ms]
2023-11-26 18:03:55.723 [info] > git status -z -uall [7ms]
2023-11-26 18:04:00.743 [info] > git config --get commit.template [6ms]
2023-11-26 18:04:00.743 [info] > git for-each-ref --format=%(refname)%00%(upstream:short)%00%(objectname)%00%(upstream:track)%00%(upstream:remotename)%00%(upstream:remoteref) refs/heads/main refs/remotes/main [1ms]
2023-11-26 18:04:00.759 [info] > git status -z -uall [11ms]
2023-11-26 18:04:05.781 [info] > git config --get commit.template [6ms]
2023-11-26 18:04:05.782 [info] > git for-each-ref --format=%(refname)%00%(upstream:short)%00%(objectname)%00%(upstream:track)%00%(upstream:remotename)%00%(upstream:remoteref) refs/heads/main refs/remotes/main [2ms]
2023-11-26 18:04:05.798 [info] > git status -z -uall [12ms]
2023-11-26 18:04:10.820 [info] > git config --get commit.template [6ms]
2023-11-26 18:04:10.821 [info] > git for-each-ref --format=%(refname)%00%(upstream:short)%00%(objectname)%00%(upstream:track)%00%(upstream:remotename)%00%(upstream:remoteref) refs/heads/main refs/remotes/main [1ms]
2023-11-26 18:04:10.839 [info] > git status -z -uall [12ms]
2023-11-26 18:04:16.123 [info] > git config --get commit.template [29ms]
2023-11-26 18:04:16.125 [info] > git for-each-ref --format=%(refname)%00%(upstream:short)%00%(objectname)%00%(upstream:track)%00%(upstream:remotename)%00%(upstream:remoteref) refs/heads/main refs/remotes/main [6ms]
2023-11-26 18:04:16.172 [info] > git status -z -uall [33ms]
2023-11-26 18:04:27.628 [info] > git config --get commit.template [4ms]
2023-11-26 18:04:27.655 [info] > git for-each-ref --format=%(refname)%00%(upstream:short)%00%(objectname)%00%(upstream:track)%00%(upstream:remotename)%00%(upstream:remoteref) refs/heads/main refs/remotes/main [5ms]
2023-11-26 18:04:27.712 [info] > git status -z -uall [38ms]
2023-11-26 18:04:32.778 [info] > git config --get commit.template [24ms]
2023-11-26 18:04:32.782 [info] > git for-each-ref --format=%(refname)%00%(upstream:short)%00%(objectname)%00%(upstream:track)%00%(upstream:remotename)%00%(upstream:remoteref) refs/heads/main refs/remotes/main [6ms]
2023-11-26 18:04:32.831 [info] > git status -z -uall [30ms]
2023-11-26 18:04:47.067 [info] > git config --get commit.template [6ms]
2023-11-26 18:04:47.067 [info] > git for-each-ref --format=%(refname)%00%(upstream:short)%00%(objectname)%00%(upstream:track)%00%(upstream:remotename)%00%(upstream:remoteref) refs/heads/main refs/remotes/main [1ms]
2023-11-26 18:04:47.085 [info] > git status -z -uall [12ms]
2023-11-26 18:18:24.328 [info] > git config --get commit.template [26ms]
2023-11-26 18:18:24.332 [info] > git for-each-ref --format=%(refname)%00%(upstream:short)%00%(objectname)%00%(upstream:track)%00%(upstream:remotename)%00%(upstream:remoteref) refs/heads/main refs/remotes/main [6ms]
2023-11-26 18:18:24.403 [info] > git status -z -uall [42ms]
2023-11-26 18:18:35.426 [info] > git config --get commit.template [22ms]
2023-11-26 18:18:35.428 [info] > git for-each-ref --format=%(refname)%00%(upstream:short)%00%(objectname)%00%(upstream:track)%00%(upstream:remotename)%00%(upstream:remoteref) refs/heads/main refs/remotes/main [6ms]
2023-11-26 18:18:35.477 [info] > git status -z -uall [37ms]
2023-11-26 18:24:18.730 [info] > git config --get commit.template [18ms]
2023-11-26 18:24:18.733 [info] > git for-each-ref --format=%(refname)%00%(upstream:short)%00%(objectname)%00%(upstream:track)%00%(upstream:remotename)%00%(upstream:remoteref) refs/heads/main refs/remotes/main [5ms]
2023-11-26 18:24:18.784 [info] > git status -z -uall [34ms]
2023-11-26 18:28:32.509 [info] > git config --get commit.template [20ms]
2023-11-26 18:28:32.510 [info] > git for-each-ref --format=%(refname)%00%(upstream:short)%00%(objectname)%00%(upstream:track)%00%(upstream:remotename)%00%(upstream:remoteref) refs/heads/main refs/remotes/main [4ms]
2023-11-26 18:28:32.552 [info] > git status -z -uall [28ms]
2023-11-26 18:28:55.111 [info] > git check-ignore -v -z --stdin [1ms]
2023-11-26 18:37:12.639 [info] > git config --get commit.template [13ms]
2023-11-26 18:37:12.641 [info] > git for-each-ref --format=%(refname)%00%(upstream:short)%00%(objectname)%00%(upstream:track)%00%(upstream:remotename)%00%(upstream:remoteref) refs/heads/main refs/remotes/main [4ms]
2023-11-26 18:37:12.687 [info] > git status -z -uall [34ms]
2023-11-26 18:38:55.689 [info] > git config --get commit.template [13ms]
2023-11-26 18:38:55.693 [info] > git for-each-ref --format=%(refname)%00%(upstream:short)%00%(objectname)%00%(upstream:track)%00%(upstream:remotename)%00%(upstream:remoteref) refs/heads/main refs/remotes/main [5ms]
2023-11-26 18:38:55.734 [info] > git status -z -uall [27ms]
2023-11-26 18:40:15.808 [info] > git config --get commit.template [20ms]
2023-11-26 18:40:15.810 [info] > git for-each-ref --format=%(refname)%00%(upstream:short)%00%(objectname)%00%(upstream:track)%00%(upstream:remotename)%00%(upstream:remoteref) refs/heads/main refs/remotes/main [3ms]
2023-11-26 18:40:15.850 [info] > git status -z -uall [28ms]
2023-11-26 18:42:09.477 [info] > git config --get commit.template [20ms]
2023-11-26 18:42:09.479 [info] > git for-each-ref --format=%(refname)%00%(upstream:short)%00%(objectname)%00%(upstream:track)%00%(upstream:remotename)%00%(upstream:remoteref) refs/heads/main refs/remotes/main [4ms]
2023-11-26 18:42:09.522 [info] > git status -z -uall [31ms]
