2023-11-25 04:15:05.997 [info] Log level: Info
2023-11-25 04:15:05.997 [info] Validating found git in: "git"
2023-11-25 04:15:05.997 [info] Using git "2.42.1" from "git"
2023-11-25 04:15:05.997 [info] > git rev-parse --show-toplevel [6ms]
2023-11-25 04:15:05.997 [info] fatal: not a git repository (or any parent up to mount point /)
Stopping at filesystem boundary (GIT_DISCOVERY_ACROSS_FILESYSTEM not set).
2023-11-25 04:15:05.997 [info] > git rev-parse --show-toplevel [2ms]
2023-11-25 04:15:05.997 [info] fatal: not a git repository (or any parent up to mount point /)
Stopping at filesystem boundary (GIT_DISCOVERY_ACROSS_FILESYSTEM not set).
2023-11-25 04:15:05.998 [info] > git rev-parse --show-toplevel [1ms]
2023-11-25 04:15:05.998 [info] fatal: not a git repository (or any parent up to mount point /)
Stopping at filesystem boundary (GIT_DISCOVERY_ACROSS_FILESYSTEM not set).
2023-11-25 04:15:06.003 [info] > git rev-parse --show-toplevel [1ms]
2023-11-25 04:15:06.003 [info] fatal: not a git repository (or any parent up to mount point /)
Stopping at filesystem boundary (GIT_DISCOVERY_ACROSS_FILESYSTEM not set).
2023-11-25 04:15:06.009 [info] > git rev-parse --show-toplevel [1ms]
2023-11-25 04:15:06.009 [info] fatal: not a git repository (or any parent up to mount point /)
Stopping at filesystem boundary (GIT_DISCOVERY_ACROSS_FILESYSTEM not set).
2023-11-25 04:15:06.015 [info] > git rev-parse --show-toplevel [1ms]
2023-11-25 04:15:06.015 [info] fatal: not a git repository (or any parent up to mount point /)
Stopping at filesystem boundary (GIT_DISCOVERY_ACROSS_FILESYSTEM not set).
2023-11-25 04:15:06.019 [info] > git rev-parse --show-toplevel [1ms]
2023-11-25 04:15:06.020 [info] fatal: not a git repository (or any parent up to mount point /)
Stopping at filesystem boundary (GIT_DISCOVERY_ACROSS_FILESYSTEM not set).
2023-11-25 04:15:06.024 [info] > git rev-parse --show-toplevel [1ms]
2023-11-25 04:15:06.024 [info] fatal: not a git repository (or any parent up to mount point /)
Stopping at filesystem boundary (GIT_DISCOVERY_ACROSS_FILESYSTEM not set).
2023-11-25 04:15:06.030 [info] > git rev-parse --show-toplevel [2ms]
2023-11-25 04:15:06.030 [info] fatal: not a git repository (or any parent up to mount point /)
Stopping at filesystem boundary (GIT_DISCOVERY_ACROSS_FILESYSTEM not set).
2023-11-25 04:15:06.035 [info] > git rev-parse --show-toplevel [1ms]
2023-11-25 04:15:06.035 [info] fatal: not a git repository (or any parent up to mount point /)
Stopping at filesystem boundary (GIT_DISCOVERY_ACROSS_FILESYSTEM not set).
2023-11-25 04:15:06.041 [info] > git rev-parse --show-toplevel [1ms]
2023-11-25 04:15:06.041 [info] fatal: not a git repository (or any parent up to mount point /)
Stopping at filesystem boundary (GIT_DISCOVERY_ACROSS_FILESYSTEM not set).
2023-11-25 04:15:06.046 [info] > git rev-parse --show-toplevel [1ms]
2023-11-25 04:15:06.046 [info] fatal: not a git repository (or any parent up to mount point /)
Stopping at filesystem boundary (GIT_DISCOVERY_ACROSS_FILESYSTEM not set).
2023-11-25 04:15:06.051 [info] > git rev-parse --show-toplevel [1ms]
2023-11-25 04:15:06.051 [info] fatal: not a git repository (or any parent up to mount point /)
Stopping at filesystem boundary (GIT_DISCOVERY_ACROSS_FILESYSTEM not set).
2023-11-25 04:15:06.055 [info] > git rev-parse --show-toplevel [1ms]
2023-11-25 04:15:06.056 [info] fatal: not a git repository (or any parent up to mount point /)
Stopping at filesystem boundary (GIT_DISCOVERY_ACROSS_FILESYSTEM not set).
2023-11-25 04:15:06.060 [info] > git rev-parse --show-toplevel [1ms]
2023-11-25 04:15:06.060 [info] fatal: not a git repository (or any parent up to mount point /)
Stopping at filesystem boundary (GIT_DISCOVERY_ACROSS_FILESYSTEM not set).
2023-11-25 04:15:06.065 [info] > git rev-parse --show-toplevel [1ms]
2023-11-25 04:15:06.065 [info] fatal: not a git repository (or any parent up to mount point /)
Stopping at filesystem boundary (GIT_DISCOVERY_ACROSS_FILESYSTEM not set).
2023-11-25 04:15:06.070 [info] > git rev-parse --show-toplevel [1ms]
2023-11-25 04:15:06.070 [info] fatal: not a git repository (or any parent up to mount point /)
Stopping at filesystem boundary (GIT_DISCOVERY_ACROSS_FILESYSTEM not set).
2023-11-25 04:15:06.074 [info] > git rev-parse --show-toplevel [1ms]
2023-11-25 04:15:06.074 [info] fatal: not a git repository (or any parent up to mount point /)
Stopping at filesystem boundary (GIT_DISCOVERY_ACROSS_FILESYSTEM not set).
2023-11-25 04:15:11.576 [info] > git rev-parse --show-toplevel [1ms]
2023-11-25 04:15:11.576 [info] fatal: not a git repository (or any parent up to mount point /)
Stopping at filesystem boundary (GIT_DISCOVERY_ACROSS_FILESYSTEM not set).
2023-11-25 04:15:45.336 [info] > git rev-parse --show-toplevel [2ms]
2023-11-25 04:15:45.336 [info] fatal: not a git repository (or any parent up to mount point /)
Stopping at filesystem boundary (GIT_DISCOVERY_ACROSS_FILESYSTEM not set).
2023-11-25 04:46:42.325 [info] > git rev-parse --show-toplevel [2ms]
2023-11-25 04:46:42.325 [info] fatal: not a git repository (or any parent up to mount point /)
Stopping at filesystem boundary (GIT_DISCOVERY_ACROSS_FILESYSTEM not set).
2023-11-25 04:54:10.992 [info] > git rev-parse --show-toplevel [1ms]
2023-11-25 04:54:10.993 [info] fatal: not a git repository (or any parent up to mount point /)
Stopping at filesystem boundary (GIT_DISCOVERY_ACROSS_FILESYSTEM not set).
