2023-11-26 19:24:16.470 [info] Log level: Info
2023-11-26 19:24:16.470 [info] Validating found git in: "git"
2023-11-26 19:24:16.470 [info] Using git "2.42.1" from "git"
2023-11-26 19:24:16.470 [info] > git rev-parse --show-toplevel [11ms]
2023-11-26 19:24:16.470 [info] fatal: not a git repository (or any parent up to mount point /)
Stopping at filesystem boundary (GIT_DISCOVERY_ACROSS_FILESYSTEM not set).
2023-11-26 19:24:16.470 [info] > git rev-parse --show-toplevel [6ms]
2023-11-26 19:24:16.470 [info] fatal: not a git repository (or any parent up to mount point /)
Stopping at filesystem boundary (GIT_DISCOVERY_ACROSS_FILESYSTEM not set).
2023-11-26 19:24:16.477 [info] > git rev-parse --show-toplevel [9ms]
2023-11-26 19:24:16.477 [info] fatal: not a git repository (or any parent up to mount point /)
Stopping at filesystem boundary (GIT_DISCOVERY_ACROSS_FILESYSTEM not set).
2023-11-26 19:24:20.903 [info] > git rev-parse --show-toplevel [2ms]
2023-11-26 19:24:20.903 [info] fatal: not a git repository (or any parent up to mount point /)
Stopping at filesystem boundary (GIT_DISCOVERY_ACROSS_FILESYSTEM not set).
2023-11-26 19:24:24.849 [info] > git rev-parse --show-toplevel [2ms]
2023-11-26 19:24:24.850 [info] fatal: not a git repository (or any parent up to mount point /)
Stopping at filesystem boundary (GIT_DISCOVERY_ACROSS_FILESYSTEM not set).
2023-11-26 19:24:27.470 [info] > git rev-parse --show-toplevel [1ms]
2023-11-26 19:24:27.470 [info] fatal: not a git repository (or any parent up to mount point /)
Stopping at filesystem boundary (GIT_DISCOVERY_ACROSS_FILESYSTEM not set).
2023-11-26 19:24:29.257 [info] > git rev-parse --show-toplevel [2ms]
2023-11-26 19:24:29.257 [info] fatal: not a git repository (or any parent up to mount point /)
Stopping at filesystem boundary (GIT_DISCOVERY_ACROSS_FILESYSTEM not set).
2023-11-26 19:24:35.190 [info] > git rev-parse --show-toplevel [3ms]
2023-11-26 19:24:35.190 [info] fatal: not a git repository (or any parent up to mount point /)
Stopping at filesystem boundary (GIT_DISCOVERY_ACROSS_FILESYSTEM not set).
2023-11-26 19:24:37.150 [info] > git rev-parse --show-toplevel [4ms]
2023-11-26 19:24:37.150 [info] fatal: not a git repository (or any parent up to mount point /)
Stopping at filesystem boundary (GIT_DISCOVERY_ACROSS_FILESYSTEM not set).
2023-11-26 19:24:48.611 [info] > git rev-parse --show-toplevel [4ms]
2023-11-26 19:24:48.611 [info] fatal: not a git repository (or any parent up to mount point /)
Stopping at filesystem boundary (GIT_DISCOVERY_ACROSS_FILESYSTEM not set).
2023-11-26 19:24:51.864 [info] > git rev-parse --show-toplevel [3ms]
2023-11-26 19:24:51.864 [info] fatal: not a git repository (or any parent up to mount point /)
Stopping at filesystem boundary (GIT_DISCOVERY_ACROSS_FILESYSTEM not set).
2023-11-26 19:24:54.262 [info] > git rev-parse --show-toplevel [2ms]
2023-11-26 19:24:54.262 [info] fatal: not a git repository (or any parent up to mount point /)
Stopping at filesystem boundary (GIT_DISCOVERY_ACROSS_FILESYSTEM not set).
2023-11-26 19:24:58.299 [info] > git rev-parse --show-toplevel [4ms]
2023-11-26 19:24:58.299 [info] fatal: not a git repository (or any parent up to mount point /)
Stopping at filesystem boundary (GIT_DISCOVERY_ACROSS_FILESYSTEM not set).
2023-11-26 19:25:08.546 [info] > git rev-parse --show-toplevel [3ms]
2023-11-26 19:25:08.546 [info] fatal: not a git repository (or any parent up to mount point /)
Stopping at filesystem boundary (GIT_DISCOVERY_ACROSS_FILESYSTEM not set).
2023-11-26 19:25:13.320 [info] > git rev-parse --show-toplevel [3ms]
2023-11-26 19:25:13.320 [info] fatal: not a git repository (or any parent up to mount point /)
Stopping at filesystem boundary (GIT_DISCOVERY_ACROSS_FILESYSTEM not set).
2023-11-26 19:25:15.409 [info] > git rev-parse --show-toplevel [2ms]
2023-11-26 19:25:15.409 [info] fatal: not a git repository (or any parent up to mount point /)
Stopping at filesystem boundary (GIT_DISCOVERY_ACROSS_FILESYSTEM not set).
2023-11-26 19:25:17.892 [info] > git rev-parse --show-toplevel [1ms]
2023-11-26 19:25:17.892 [info] fatal: not a git repository (or any parent up to mount point /)
Stopping at filesystem boundary (GIT_DISCOVERY_ACROSS_FILESYSTEM not set).
2023-11-26 19:25:19.135 [info] > git rev-parse --show-toplevel [2ms]
2023-11-26 19:25:19.135 [info] fatal: not a git repository (or any parent up to mount point /)
Stopping at filesystem boundary (GIT_DISCOVERY_ACROSS_FILESYSTEM not set).
2023-11-26 19:25:21.910 [info] > git rev-parse --show-toplevel [2ms]
2023-11-26 19:25:21.910 [info] fatal: not a git repository (or any parent up to mount point /)
Stopping at filesystem boundary (GIT_DISCOVERY_ACROSS_FILESYSTEM not set).
2023-11-26 19:25:58.440 [info] > git rev-parse --show-toplevel [1ms]
2023-11-26 19:25:58.440 [info] fatal: not a git repository (or any parent up to mount point /)
Stopping at filesystem boundary (GIT_DISCOVERY_ACROSS_FILESYSTEM not set).
2023-11-26 19:26:07.629 [info] > git rev-parse --show-toplevel [4ms]
2023-11-26 19:26:07.629 [info] fatal: not a git repository (or any parent up to mount point /)
Stopping at filesystem boundary (GIT_DISCOVERY_ACROSS_FILESYSTEM not set).
2023-11-26 19:26:18.295 [info] > git rev-parse --show-toplevel [2ms]
2023-11-26 19:26:18.296 [info] fatal: not a git repository (or any parent up to mount point /)
Stopping at filesystem boundary (GIT_DISCOVERY_ACROSS_FILESYSTEM not set).
