2023-11-27 04:56:25.010 [info] Extension host with pid 3848 started
2023-11-27 04:56:25.010 [info] Skipping acquiring lock for /home/adithyan/.config/Code/User/workspaceStorage/905974efcefb7f438174574ee75689ec.
2023-11-27 04:56:25.215 [info] ExtensionService#_doActivateExtension vscode.emmet, startup: false, activationEvent: 'onLanguage'
2023-11-27 04:56:25.366 [info] ExtensionService#_doActivateExtension vscode.git-base, startup: true, activationEvent: '*', root cause: vscode.git
2023-11-27 04:56:25.371 [info] ExtensionService#_doActivateExtension dlasagno.wal-theme, startup: true, activationEvent: '*'
2023-11-27 04:56:25.518 [info] ExtensionService#_doActivateExtension vscode.git, startup: true, activationEvent: '*'
2023-11-27 04:56:25.569 [info] ExtensionService#_doActivateExtension vscode.github, startup: true, activationEvent: '*'
2023-11-27 04:56:25.675 [info] Eager extensions activated
2023-11-27 04:56:25.752 [info] ExtensionService#_doActivateExtension vscode.debug-auto-launch, startup: false, activationEvent: 'onStartupFinished'
2023-11-27 04:56:25.757 [info] ExtensionService#_doActivateExtension vscode.merge-conflict, startup: false, activationEvent: 'onStartupFinished'
2023-11-27 04:56:25.917 [warning] [Decorations] CAPPING events from decorations provider vscode.git 254
2023-11-27 04:56:26.002 [info] ExtensionService#_doActivateExtension vscode.github-authentication, startup: false, activationEvent: 'onAuthenticationRequest:github'
2023-11-27 04:56:26.140 [warning] [Decorations] CAPPING events from decorations provider vscode.git 254
2023-11-27 04:56:28.615 [warning] [Decorations] CAPPING events from decorations provider vscode.git 257
2023-11-27 04:56:33.728 [warning] [Decorations] CAPPING events from decorations provider vscode.git 257
2023-11-27 04:56:38.834 [warning] [Decorations] CAPPING events from decorations provider vscode.git 291
2023-11-27 04:56:45.413 [warning] [Decorations] CAPPING events from decorations provider vscode.git 291
2023-11-27 04:56:50.469 [warning] [Decorations] CAPPING events from decorations provider vscode.git 291
2023-11-27 04:56:55.600 [warning] [Decorations] CAPPING events from decorations provider vscode.git 291
2023-11-27 04:57:00.651 [warning] [Decorations] CAPPING events from decorations provider vscode.git 292
2023-11-27 04:57:05.713 [warning] [Decorations] CAPPING events from decorations provider vscode.git 292
2023-11-27 04:57:10.826 [warning] [Decorations] CAPPING events from decorations provider vscode.git 292
2023-11-27 04:57:52.819 [warning] [Decorations] CAPPING events from decorations provider vscode.git 292
2023-11-27 04:57:57.877 [warning] [Decorations] CAPPING events from decorations provider vscode.git 292
2023-11-27 04:58:02.940 [warning] [Decorations] CAPPING events from decorations provider vscode.git 292
2023-11-27 04:58:11.057 [warning] [Decorations] CAPPING events from decorations provider vscode.git 292
2023-11-27 04:58:16.097 [warning] [Decorations] CAPPING events from decorations provider vscode.git 292
2023-11-27 04:58:21.148 [warning] [Decorations] CAPPING events from decorations provider vscode.git 292
2023-11-27 05:00:12.094 [warning] [Decorations] CAPPING events from decorations provider vscode.git 292
2023-11-27 05:00:17.193 [warning] [Decorations] CAPPING events from decorations provider vscode.git 292
2023-11-27 05:00:22.294 [warning] [Decorations] CAPPING events from decorations provider vscode.git 292
2023-11-27 05:00:28.633 [warning] [Decorations] CAPPING events from decorations provider vscode.git 292
2023-11-27 05:01:50.963 [warning] [Decorations] CAPPING events from decorations provider vscode.git 292
2023-11-27 05:01:56.019 [warning] [Decorations] CAPPING events from decorations provider vscode.git 292
2023-11-27 05:02:01.067 [warning] [Decorations] CAPPING events from decorations provider vscode.git 292
2023-11-27 05:02:06.699 [warning] [Decorations] CAPPING events from decorations provider vscode.git 292
2023-11-27 05:02:12.695 [warning] [Decorations] CAPPING events from decorations provider vscode.git 292
2023-11-27 05:02:17.743 [warning] [Decorations] CAPPING events from decorations provider vscode.git 292
2023-11-27 05:02:22.843 [warning] [Decorations] CAPPING events from decorations provider vscode.git 292
2023-11-27 05:02:27.883 [warning] [Decorations] CAPPING events from decorations provider vscode.git 292
2023-11-27 05:02:33.007 [warning] [Decorations] CAPPING events from decorations provider vscode.git 293
2023-11-27 05:02:40.170 [warning] [Decorations] CAPPING events from decorations provider vscode.git 292
2023-11-27 05:02:45.273 [warning] [Decorations] CAPPING events from decorations provider vscode.git 293
2023-11-27 05:02:50.367 [warning] [Decorations] CAPPING events from decorations provider vscode.git 293
2023-11-27 05:02:55.459 [warning] [Decorations] CAPPING events from decorations provider vscode.git 293
2023-11-27 05:03:00.540 [warning] [Decorations] CAPPING events from decorations provider vscode.git 294
2023-11-27 05:03:05.635 [warning] [Decorations] CAPPING events from decorations provider vscode.git 293
2023-11-27 05:03:11.075 [warning] [Decorations] CAPPING events from decorations provider vscode.git 293
2023-11-27 05:03:16.178 [warning] [Decorations] CAPPING events from decorations provider vscode.git 293
2023-11-27 05:03:36.438 [warning] [Decorations] CAPPING events from decorations provider vscode.git 294
2023-11-27 05:03:41.515 [warning] [Decorations] CAPPING events from decorations provider vscode.git 294
2023-11-27 05:03:46.564 [warning] [Decorations] CAPPING events from decorations provider vscode.git 294
2023-11-27 05:03:51.674 [warning] [Decorations] CAPPING events from decorations provider vscode.git 294
2023-11-27 05:03:56.714 [warning] [Decorations] CAPPING events from decorations provider vscode.git 294
2023-11-27 05:04:01.825 [warning] [Decorations] CAPPING events from decorations provider vscode.git 294
2023-11-27 05:04:08.985 [warning] [Decorations] CAPPING events from decorations provider vscode.git 295
2023-11-27 05:04:14.059 [warning] [Decorations] CAPPING events from decorations provider vscode.git 295
2023-11-27 05:04:20.221 [warning] [Decorations] CAPPING events from decorations provider vscode.git 295
2023-11-27 05:04:25.305 [warning] [Decorations] CAPPING events from decorations provider vscode.git 295
2023-11-27 05:04:36.349 [warning] [Decorations] CAPPING events from decorations provider vscode.git 295
2023-11-27 05:04:41.389 [warning] [Decorations] CAPPING events from decorations provider vscode.git 296
2023-11-27 05:04:46.978 [warning] [Decorations] CAPPING events from decorations provider vscode.git 296
2023-11-27 05:04:54.143 [warning] [Decorations] CAPPING events from decorations provider vscode.git 296
2023-11-27 05:04:59.225 [warning] [Decorations] CAPPING events from decorations provider vscode.git 296
2023-11-27 05:05:04.265 [warning] [Decorations] CAPPING events from decorations provider vscode.git 296
2023-11-27 05:05:09.871 [warning] [Decorations] CAPPING events from decorations provider vscode.git 297
2023-11-27 05:05:15.571 [warning] [Decorations] CAPPING events from decorations provider vscode.git 297
2023-11-27 05:05:22.765 [warning] [Decorations] CAPPING events from decorations provider vscode.git 297
2023-11-27 05:05:27.864 [warning] [Decorations] CAPPING events from decorations provider vscode.git 297
2023-11-27 05:05:32.967 [warning] [Decorations] CAPPING events from decorations provider vscode.git 297
2023-11-27 05:05:38.017 [warning] [Decorations] CAPPING events from decorations provider vscode.git 297
2023-11-27 05:05:43.058 [warning] [Decorations] CAPPING events from decorations provider vscode.git 297
2023-11-27 05:05:48.164 [warning] [Decorations] CAPPING events from decorations provider vscode.git 297
2023-11-27 05:05:53.207 [warning] [Decorations] CAPPING events from decorations provider vscode.git 297
2023-11-27 05:05:58.270 [warning] [Decorations] CAPPING events from decorations provider vscode.git 297
2023-11-27 05:06:03.753 [warning] [Decorations] CAPPING events from decorations provider vscode.git 297
2023-11-27 05:06:11.223 [warning] [Decorations] CAPPING events from decorations provider vscode.git 297
2023-11-27 05:16:21.016 [warning] [Decorations] CAPPING events from decorations provider vscode.git 297
2023-11-27 05:16:26.082 [warning] [Decorations] CAPPING events from decorations provider vscode.git 297
2023-11-27 05:16:31.163 [warning] [Decorations] CAPPING events from decorations provider vscode.git 297
2023-11-27 05:16:49.463 [warning] [Decorations] CAPPING events from decorations provider vscode.git 298
2023-11-27 05:16:54.564 [warning] [Decorations] CAPPING events from decorations provider vscode.git 298
2023-11-27 05:17:20.199 [warning] [Decorations] CAPPING events from decorations provider vscode.git 299
2023-11-27 05:17:26.059 [warning] [Decorations] CAPPING events from decorations provider vscode.git 298
2023-11-27 05:17:31.101 [warning] [Decorations] CAPPING events from decorations provider vscode.git 298
2023-11-27 05:17:36.150 [warning] [Decorations] CAPPING events from decorations provider vscode.git 298
2023-11-27 05:17:42.307 [warning] [Decorations] CAPPING events from decorations provider vscode.git 298
2023-11-27 05:17:47.362 [warning] [Decorations] CAPPING events from decorations provider vscode.git 298
2023-11-27 05:18:35.225 [warning] [Decorations] CAPPING events from decorations provider vscode.git 298
2023-11-27 05:18:40.321 [warning] [Decorations] CAPPING events from decorations provider vscode.git 298
2023-11-27 05:18:45.419 [warning] [Decorations] CAPPING events from decorations provider vscode.git 298
2023-11-27 05:20:24.830 [warning] [Decorations] CAPPING events from decorations provider vscode.git 298
2023-11-27 05:20:29.904 [warning] [Decorations] CAPPING events from decorations provider vscode.git 298
2023-11-27 05:20:34.978 [warning] [Decorations] CAPPING events from decorations provider vscode.git 298
2023-11-27 05:20:40.029 [warning] [Decorations] CAPPING events from decorations provider vscode.git 298
2023-11-27 05:20:45.072 [warning] [Decorations] CAPPING events from decorations provider vscode.git 298
2023-11-27 05:20:50.127 [warning] [Decorations] CAPPING events from decorations provider vscode.git 298
2023-11-27 05:20:55.187 [warning] [Decorations] CAPPING events from decorations provider vscode.git 299
2023-11-27 05:21:00.241 [warning] [Decorations] CAPPING events from decorations provider vscode.git 299
2023-11-27 05:21:05.304 [warning] [Decorations] CAPPING events from decorations provider vscode.git 299
2023-11-27 05:21:11.432 [warning] [Decorations] CAPPING events from decorations provider vscode.git 300
2023-11-27 05:21:30.034 [warning] [Decorations] CAPPING events from decorations provider vscode.git 299
2023-11-27 05:21:36.046 [warning] [Decorations] CAPPING events from decorations provider vscode.git 300
2023-11-27 05:21:41.126 [warning] [Decorations] CAPPING events from decorations provider vscode.git 300
2023-11-27 05:21:46.167 [warning] [Decorations] CAPPING events from decorations provider vscode.git 300
2023-11-27 05:21:51.213 [warning] [Decorations] CAPPING events from decorations provider vscode.git 300
2023-11-27 05:21:56.286 [warning] [Decorations] CAPPING events from decorations provider vscode.git 300
2023-11-27 05:22:01.323 [warning] [Decorations] CAPPING events from decorations provider vscode.git 301
2023-11-27 05:22:06.374 [warning] [Decorations] CAPPING events from decorations provider vscode.git 301
2023-11-27 05:22:11.438 [warning] [Decorations] CAPPING events from decorations provider vscode.git 301
2023-11-27 05:22:16.482 [warning] [Decorations] CAPPING events from decorations provider vscode.git 302
2023-11-27 05:22:21.533 [warning] [Decorations] CAPPING events from decorations provider vscode.git 302
2023-11-27 05:22:37.079 [warning] [Decorations] CAPPING events from decorations provider vscode.git 302
2023-11-27 05:22:42.127 [warning] [Decorations] CAPPING events from decorations provider vscode.git 303
2023-11-27 05:22:47.168 [warning] [Decorations] CAPPING events from decorations provider vscode.git 303
2023-11-27 05:22:52.264 [warning] [Decorations] CAPPING events from decorations provider vscode.git 303
2023-11-27 05:22:57.305 [warning] [Decorations] CAPPING events from decorations provider vscode.git 303
2023-11-27 05:23:02.344 [warning] [Decorations] CAPPING events from decorations provider vscode.git 303
2023-11-27 05:23:07.388 [warning] [Decorations] CAPPING events from decorations provider vscode.git 303
2023-11-27 05:23:12.436 [warning] [Decorations] CAPPING events from decorations provider vscode.git 304
2023-11-27 05:23:17.526 [warning] [Decorations] CAPPING events from decorations provider vscode.git 304
2023-11-27 05:23:22.619 [warning] [Decorations] CAPPING events from decorations provider vscode.git 304
2023-11-27 05:23:27.710 [warning] [Decorations] CAPPING events from decorations provider vscode.git 305
2023-11-27 05:23:32.747 [warning] [Decorations] CAPPING events from decorations provider vscode.git 305
2023-11-27 05:23:37.792 [warning] [Decorations] CAPPING events from decorations provider vscode.git 305
2023-11-27 05:23:42.894 [warning] [Decorations] CAPPING events from decorations provider vscode.git 305
2023-11-27 05:23:47.961 [warning] [Decorations] CAPPING events from decorations provider vscode.git 305
2023-11-27 05:23:53.014 [warning] [Decorations] CAPPING events from decorations provider vscode.git 306
2023-11-27 05:23:58.063 [warning] [Decorations] CAPPING events from decorations provider vscode.git 306
2023-11-27 05:24:03.102 [warning] [Decorations] CAPPING events from decorations provider vscode.git 306
2023-11-27 05:24:08.165 [warning] [Decorations] CAPPING events from decorations provider vscode.git 307
2023-11-27 05:24:13.213 [warning] [Decorations] CAPPING events from decorations provider vscode.git 306
2023-11-27 05:24:18.262 [warning] [Decorations] CAPPING events from decorations provider vscode.git 306
2023-11-27 05:24:23.300 [warning] [Decorations] CAPPING events from decorations provider vscode.git 307
2023-11-27 05:24:28.390 [warning] [Decorations] CAPPING events from decorations provider vscode.git 307
2023-11-27 05:24:33.484 [warning] [Decorations] CAPPING events from decorations provider vscode.git 307
2023-11-27 05:24:38.522 [warning] [Decorations] CAPPING events from decorations provider vscode.git 307
2023-11-27 05:24:43.620 [warning] [Decorations] CAPPING events from decorations provider vscode.git 307
2023-11-27 05:24:48.669 [warning] [Decorations] CAPPING events from decorations provider vscode.git 307
2023-11-27 05:24:53.710 [warning] [Decorations] CAPPING events from decorations provider vscode.git 307
2023-11-27 05:24:58.812 [warning] [Decorations] CAPPING events from decorations provider vscode.git 307
2023-11-27 05:25:03.882 [warning] [Decorations] CAPPING events from decorations provider vscode.git 307
2023-11-27 05:25:08.929 [warning] [Decorations] CAPPING events from decorations provider vscode.git 307
2023-11-27 05:25:14.026 [warning] [Decorations] CAPPING events from decorations provider vscode.git 307
2023-11-27 05:25:19.093 [warning] [Decorations] CAPPING events from decorations provider vscode.git 307
2023-11-27 05:25:24.132 [warning] [Decorations] CAPPING events from decorations provider vscode.git 308
2023-11-27 05:25:29.653 [warning] [Decorations] CAPPING events from decorations provider vscode.git 308
2023-11-27 05:25:34.750 [warning] [Decorations] CAPPING events from decorations provider vscode.git 308
2023-11-27 05:25:39.816 [warning] [Decorations] CAPPING events from decorations provider vscode.git 308
2023-11-27 05:25:44.915 [warning] [Decorations] CAPPING events from decorations provider vscode.git 309
2023-11-27 05:25:50.860 [warning] [Decorations] CAPPING events from decorations provider vscode.git 309
2023-11-27 05:25:55.906 [warning] [Decorations] CAPPING events from decorations provider vscode.git 309
2023-11-27 05:26:00.946 [warning] [Decorations] CAPPING events from decorations provider vscode.git 309
2023-11-27 05:26:06.007 [warning] [Decorations] CAPPING events from decorations provider vscode.git 309
2023-11-27 05:26:11.048 [warning] [Decorations] CAPPING events from decorations provider vscode.git 309
2023-11-27 05:26:16.098 [warning] [Decorations] CAPPING events from decorations provider vscode.git 309
2023-11-27 05:26:21.145 [warning] [Decorations] CAPPING events from decorations provider vscode.git 309
2023-11-27 05:26:26.187 [warning] [Decorations] CAPPING events from decorations provider vscode.git 309
2023-11-27 05:26:31.281 [warning] [Decorations] CAPPING events from decorations provider vscode.git 309
2023-11-27 05:26:36.331 [warning] [Decorations] CAPPING events from decorations provider vscode.git 309
2023-11-27 05:26:41.382 [warning] [Decorations] CAPPING events from decorations provider vscode.git 310
2023-11-27 05:26:47.262 [warning] [Decorations] CAPPING events from decorations provider vscode.git 311
2023-11-27 05:26:52.316 [warning] [Decorations] CAPPING events from decorations provider vscode.git 310
2023-11-27 05:26:57.362 [warning] [Decorations] CAPPING events from decorations provider vscode.git 310
2023-11-27 05:27:02.438 [warning] [Decorations] CAPPING events from decorations provider vscode.git 310
2023-11-27 05:27:07.487 [warning] [Decorations] CAPPING events from decorations provider vscode.git 310
2023-11-27 05:27:12.537 [warning] [Decorations] CAPPING events from decorations provider vscode.git 320
2023-11-27 05:27:17.590 [warning] [Decorations] CAPPING events from decorations provider vscode.git 320
2023-11-27 05:27:22.637 [warning] [Decorations] CAPPING events from decorations provider vscode.git 320
2023-11-27 05:30:25.194 [warning] [Decorations] CAPPING events from decorations provider vscode.git 320
2023-11-27 05:30:30.299 [warning] [Decorations] CAPPING events from decorations provider vscode.git 320
2023-11-27 05:32:51.842 [warning] [Decorations] CAPPING events from decorations provider vscode.git 320
2023-11-27 05:32:56.903 [warning] [Decorations] CAPPING events from decorations provider vscode.git 320
2023-11-27 05:33:01.946 [warning] [Decorations] CAPPING events from decorations provider vscode.git 320
2023-11-27 05:33:02.434 [info] ExtensionService#_doActivateExtension vscode.css-language-features, startup: false, activationEvent: 'onLanguage:css'
2023-11-27 05:33:26.534 [warning] [Decorations] CAPPING events from decorations provider vscode.git 320
2023-11-27 05:33:32.540 [warning] [Decorations] CAPPING events from decorations provider vscode.git 320
2023-11-27 05:33:37.638 [warning] [Decorations] CAPPING events from decorations provider vscode.git 320
2023-11-27 05:33:42.680 [warning] [Decorations] CAPPING events from decorations provider vscode.git 321
2023-11-27 05:33:49.520 [warning] [Decorations] CAPPING events from decorations provider vscode.git 321
2023-11-27 05:34:04.159 [warning] [Decorations] CAPPING events from decorations provider vscode.git 321
2023-11-27 05:35:38.467 [warning] [Decorations] CAPPING events from decorations provider vscode.git 322
2023-11-27 05:35:43.586 [warning] [Decorations] CAPPING events from decorations provider vscode.git 322
2023-11-27 05:35:48.651 [warning] [Decorations] CAPPING events from decorations provider vscode.git 322
2023-11-27 05:36:43.662 [warning] [Decorations] CAPPING events from decorations provider vscode.git 322
2023-11-27 05:36:48.706 [warning] [Decorations] CAPPING events from decorations provider vscode.git 321
2023-11-27 05:36:53.748 [warning] [Decorations] CAPPING events from decorations provider vscode.git 321
2023-11-27 05:36:58.792 [warning] [Decorations] CAPPING events from decorations provider vscode.git 321
2023-11-27 05:37:03.838 [warning] [Decorations] CAPPING events from decorations provider vscode.git 321
2023-11-27 05:37:08.906 [warning] [Decorations] CAPPING events from decorations provider vscode.git 321
2023-11-27 05:37:13.960 [warning] [Decorations] CAPPING events from decorations provider vscode.git 321
2023-11-27 05:37:19.059 [warning] [Decorations] CAPPING events from decorations provider vscode.git 321
2023-11-27 05:37:24.104 [warning] [Decorations] CAPPING events from decorations provider vscode.git 321
2023-11-27 05:37:29.152 [warning] [Decorations] CAPPING events from decorations provider vscode.git 321
2023-11-27 05:37:34.246 [warning] [Decorations] CAPPING events from decorations provider vscode.git 321
2023-11-27 05:37:39.287 [warning] [Decorations] CAPPING events from decorations provider vscode.git 323
2023-11-27 05:38:22.303 [warning] [Decorations] CAPPING events from decorations provider vscode.git 322
2023-11-27 05:38:29.677 [warning] [Decorations] CAPPING events from decorations provider vscode.git 322
2023-11-27 05:38:34.776 [warning] [Decorations] CAPPING events from decorations provider vscode.git 322
2023-11-27 05:38:39.872 [warning] [Decorations] CAPPING events from decorations provider vscode.git 322
2023-11-27 05:38:44.916 [warning] [Decorations] CAPPING events from decorations provider vscode.git 322
2023-11-27 05:38:49.956 [warning] [Decorations] CAPPING events from decorations provider vscode.git 322
2023-11-27 05:39:15.549 [warning] [Decorations] CAPPING events from decorations provider vscode.git 322
2023-11-27 05:39:20.601 [warning] [Decorations] CAPPING events from decorations provider vscode.git 322
2023-11-27 05:39:25.641 [warning] [Decorations] CAPPING events from decorations provider vscode.git 322
2023-11-27 05:39:30.688 [warning] [Decorations] CAPPING events from decorations provider vscode.git 322
2023-11-27 05:40:07.425 [warning] [Decorations] CAPPING events from decorations provider vscode.git 322
2023-11-27 05:40:48.227 [warning] [Decorations] CAPPING events from decorations provider vscode.git 322
2023-11-27 05:40:53.284 [warning] [Decorations] CAPPING events from decorations provider vscode.git 322
2023-11-27 05:41:10.389 [warning] [Decorations] CAPPING events from decorations provider vscode.git 322
2023-11-27 05:41:15.426 [warning] [Decorations] CAPPING events from decorations provider vscode.git 323
2023-11-27 05:41:20.469 [warning] [Decorations] CAPPING events from decorations provider vscode.git 323
2023-11-27 05:41:25.533 [warning] [Decorations] CAPPING events from decorations provider vscode.git 323
2023-11-27 05:41:30.591 [warning] [Decorations] CAPPING events from decorations provider vscode.git 323
2023-11-27 05:41:35.695 [warning] [Decorations] CAPPING events from decorations provider vscode.git 323
2023-11-27 05:42:55.073 [warning] [Decorations] CAPPING events from decorations provider vscode.git 325
2023-11-27 05:43:04.609 [warning] [Decorations] CAPPING events from decorations provider vscode.git 324
2023-11-27 05:43:09.709 [warning] [Decorations] CAPPING events from decorations provider vscode.git 324
2023-11-27 05:43:22.388 [warning] [Decorations] CAPPING events from decorations provider vscode.git 324
2023-11-27 05:43:27.431 [warning] [Decorations] CAPPING events from decorations provider vscode.git 325
2023-11-27 05:43:32.476 [warning] [Decorations] CAPPING events from decorations provider vscode.git 325
2023-11-27 05:44:09.372 [warning] [Decorations] CAPPING events from decorations provider vscode.git 325
2023-11-27 05:44:14.427 [warning] [Decorations] CAPPING events from decorations provider vscode.git 325
2023-11-27 05:44:23.735 [warning] [Decorations] CAPPING events from decorations provider vscode.git 325
2023-11-27 05:44:28.832 [warning] [Decorations] CAPPING events from decorations provider vscode.git 325
2023-11-27 05:44:37.273 [warning] [Decorations] CAPPING events from decorations provider vscode.git 326
2023-11-27 05:44:42.317 [warning] [Decorations] CAPPING events from decorations provider vscode.git 325
2023-11-27 05:44:52.620 [warning] [Decorations] CAPPING events from decorations provider vscode.git 325
2023-11-27 05:44:57.699 [warning] [Decorations] CAPPING events from decorations provider vscode.git 326
2023-11-27 05:45:02.796 [warning] [Decorations] CAPPING events from decorations provider vscode.git 326
2023-11-27 05:45:09.228 [warning] [Decorations] CAPPING events from decorations provider vscode.git 326
2023-11-27 05:45:14.331 [warning] [Decorations] CAPPING events from decorations provider vscode.git 327
2023-11-27 05:45:19.376 [warning] [Decorations] CAPPING events from decorations provider vscode.git 326
2023-11-27 05:45:24.480 [warning] [Decorations] CAPPING events from decorations provider vscode.git 326
2023-11-27 05:45:29.539 [warning] [Decorations] CAPPING events from decorations provider vscode.git 326
2023-11-27 05:45:34.586 [warning] [Decorations] CAPPING events from decorations provider vscode.git 327
2023-11-27 05:45:47.163 [warning] [Decorations] CAPPING events from decorations provider vscode.git 328
2023-11-27 05:46:25.389 [warning] [Decorations] CAPPING events from decorations provider vscode.git 328
2023-11-27 05:46:34.297 [warning] [Decorations] CAPPING events from decorations provider vscode.git 328
2023-11-27 05:46:43.673 [warning] [Decorations] CAPPING events from decorations provider vscode.git 328
2023-11-27 05:46:49.394 [warning] [Decorations] CAPPING events from decorations provider vscode.git 328
2023-11-27 05:46:54.504 [warning] [Decorations] CAPPING events from decorations provider vscode.git 329
2023-11-27 05:47:02.821 [warning] [Decorations] CAPPING events from decorations provider vscode.git 330
2023-11-27 05:47:15.367 [warning] [Decorations] CAPPING events from decorations provider vscode.git 330
2023-11-27 05:47:20.476 [warning] [Decorations] CAPPING events from decorations provider vscode.git 331
2023-11-27 05:47:25.575 [warning] [Decorations] CAPPING events from decorations provider vscode.git 330
2023-11-27 05:47:30.621 [warning] [Decorations] CAPPING events from decorations provider vscode.git 330
2023-11-27 05:48:08.616 [warning] [Decorations] CAPPING events from decorations provider vscode.git 330
2023-11-27 05:48:13.660 [warning] [Decorations] CAPPING events from decorations provider vscode.git 330
2023-11-27 05:48:18.712 [warning] [Decorations] CAPPING events from decorations provider vscode.git 330
2023-11-27 05:48:23.762 [warning] [Decorations] CAPPING events from decorations provider vscode.git 330
2023-11-27 05:48:28.805 [warning] [Decorations] CAPPING events from decorations provider vscode.git 330
2023-11-27 05:48:33.843 [warning] [Decorations] CAPPING events from decorations provider vscode.git 330
2023-11-27 05:48:38.885 [warning] [Decorations] CAPPING events from decorations provider vscode.git 330
2023-11-27 05:48:43.976 [warning] [Decorations] CAPPING events from decorations provider vscode.git 330
2023-11-27 05:48:49.074 [warning] [Decorations] CAPPING events from decorations provider vscode.git 331
2023-11-27 05:48:54.164 [warning] [Decorations] CAPPING events from decorations provider vscode.git 331
2023-11-27 05:48:59.214 [warning] [Decorations] CAPPING events from decorations provider vscode.git 331
2023-11-27 05:49:04.253 [warning] [Decorations] CAPPING events from decorations provider vscode.git 331
2023-11-27 05:49:09.299 [warning] [Decorations] CAPPING events from decorations provider vscode.git 331
2023-11-27 05:49:14.342 [warning] [Decorations] CAPPING events from decorations provider vscode.git 331
2023-11-27 05:49:19.381 [warning] [Decorations] CAPPING events from decorations provider vscode.git 331
2023-11-27 05:49:24.423 [warning] [Decorations] CAPPING events from decorations provider vscode.git 331
2023-11-27 05:49:29.465 [warning] [Decorations] CAPPING events from decorations provider vscode.git 331
2023-11-27 05:49:34.569 [warning] [Decorations] CAPPING events from decorations provider vscode.git 331
2023-11-27 05:49:49.398 [warning] [Decorations] CAPPING events from decorations provider vscode.git 332
2023-11-27 05:49:54.502 [warning] [Decorations] CAPPING events from decorations provider vscode.git 332
2023-11-27 05:50:01.630 [warning] [Decorations] CAPPING events from decorations provider vscode.git 333
2023-11-27 05:50:07.850 [warning] [Decorations] CAPPING events from decorations provider vscode.git 332
2023-11-27 05:53:52.367 [warning] [Decorations] CAPPING events from decorations provider vscode.git 332
2023-11-27 05:53:57.421 [warning] [Decorations] CAPPING events from decorations provider vscode.git 332
2023-11-27 05:54:02.526 [warning] [Decorations] CAPPING events from decorations provider vscode.git 333
2023-11-27 05:54:33.335 [warning] [Decorations] CAPPING events from decorations provider vscode.git 334
2023-11-27 05:54:38.409 [warning] [Decorations] CAPPING events from decorations provider vscode.git 333
2023-11-27 05:54:43.452 [warning] [Decorations] CAPPING events from decorations provider vscode.git 333
2023-11-27 05:55:12.402 [warning] [Decorations] CAPPING events from decorations provider vscode.git 333
2023-11-27 05:55:17.507 [warning] [Decorations] CAPPING events from decorations provider vscode.git 333
2023-11-27 05:55:22.553 [warning] [Decorations] CAPPING events from decorations provider vscode.git 333
2023-11-27 05:55:35.010 [warning] [Decorations] CAPPING events from decorations provider vscode.git 334
2023-11-27 05:55:40.052 [warning] [Decorations] CAPPING events from decorations provider vscode.git 334
2023-11-27 05:55:45.121 [warning] [Decorations] CAPPING events from decorations provider vscode.git 335
2023-11-27 05:55:50.171 [warning] [Decorations] CAPPING events from decorations provider vscode.git 335
2023-11-27 05:55:55.220 [warning] [Decorations] CAPPING events from decorations provider vscode.git 335
2023-11-27 05:56:00.268 [warning] [Decorations] CAPPING events from decorations provider vscode.git 335
2023-11-27 05:56:07.526 [warning] [Decorations] CAPPING events from decorations provider vscode.git 335
2023-11-27 05:56:21.541 [warning] [Decorations] CAPPING events from decorations provider vscode.git 336
2023-11-27 05:56:26.587 [warning] [Decorations] CAPPING events from decorations provider vscode.git 335
2023-11-27 05:56:32.573 [warning] [Decorations] CAPPING events from decorations provider vscode.git 335
2023-11-27 05:56:37.629 [warning] [Decorations] CAPPING events from decorations provider vscode.git 335
2023-11-27 05:56:42.680 [warning] [Decorations] CAPPING events from decorations provider vscode.git 336
2023-11-27 05:56:47.981 [warning] [Decorations] CAPPING events from decorations provider vscode.git 336
2023-11-27 05:56:53.795 [warning] [Decorations] CAPPING events from decorations provider vscode.git 336
2023-11-27 05:56:58.863 [warning] [Decorations] CAPPING events from decorations provider vscode.git 336
2023-11-27 05:57:39.673 [warning] [Decorations] CAPPING events from decorations provider vscode.git 336
2023-11-27 05:57:51.822 [warning] [Decorations] CAPPING events from decorations provider vscode.git 337
2023-11-27 05:57:56.877 [warning] [Decorations] CAPPING events from decorations provider vscode.git 338
2023-11-27 05:58:01.981 [warning] [Decorations] CAPPING events from decorations provider vscode.git 339
2023-11-27 05:58:09.274 [warning] [Decorations] CAPPING events from decorations provider vscode.git 338
2023-11-27 05:58:18.136 [warning] [Decorations] CAPPING events from decorations provider vscode.git 339
2023-11-27 05:58:26.728 [warning] [Decorations] CAPPING events from decorations provider vscode.git 339
2023-11-27 05:58:31.828 [warning] [Decorations] CAPPING events from decorations provider vscode.git 340
2023-11-27 05:58:38.853 [warning] [Decorations] CAPPING events from decorations provider vscode.git 341
2023-11-27 05:58:43.943 [warning] [Decorations] CAPPING events from decorations provider vscode.git 341
2023-11-27 06:00:26.360 [warning] [Decorations] CAPPING events from decorations provider vscode.git 342
2023-11-27 06:00:56.120 [warning] [Decorations] CAPPING events from decorations provider vscode.git 341
2023-11-27 06:01:01.167 [warning] [Decorations] CAPPING events from decorations provider vscode.git 341
2023-11-27 06:01:06.266 [warning] [Decorations] CAPPING events from decorations provider vscode.git 341
2023-11-27 06:01:11.312 [warning] [Decorations] CAPPING events from decorations provider vscode.git 341
2023-11-27 06:12:19.001 [warning] [Decorations] CAPPING events from decorations provider vscode.git 341
2023-11-27 06:12:24.051 [warning] [Decorations] CAPPING events from decorations provider vscode.git 341
2023-11-27 06:12:29.100 [warning] [Decorations] CAPPING events from decorations provider vscode.git 341
2023-11-27 06:12:34.146 [warning] [Decorations] CAPPING events from decorations provider vscode.git 341
2023-11-27 06:12:41.705 [warning] [Decorations] CAPPING events from decorations provider vscode.git 341
2023-11-27 06:12:46.758 [warning] [Decorations] CAPPING events from decorations provider vscode.git 341
2023-11-27 06:12:51.860 [warning] [Decorations] CAPPING events from decorations provider vscode.git 341
2023-11-27 06:12:56.901 [warning] [Decorations] CAPPING events from decorations provider vscode.git 341
2023-11-27 06:13:05.256 [warning] [Decorations] CAPPING events from decorations provider vscode.git 341
2023-11-27 06:13:10.301 [warning] [Decorations] CAPPING events from decorations provider vscode.git 341
2023-11-27 06:13:15.385 [warning] [Decorations] CAPPING events from decorations provider vscode.git 341
2023-11-27 06:13:29.226 [warning] [Decorations] CAPPING events from decorations provider vscode.git 342
2023-11-27 06:13:34.272 [warning] [Decorations] CAPPING events from decorations provider vscode.git 342
2023-11-27 06:13:39.323 [warning] [Decorations] CAPPING events from decorations provider vscode.git 343
2023-11-27 06:13:53.941 [warning] [Decorations] CAPPING events from decorations provider vscode.git 344
2023-11-27 06:13:59.013 [warning] [Decorations] CAPPING events from decorations provider vscode.git 344
2023-11-27 06:14:07.880 [warning] [Decorations] CAPPING events from decorations provider vscode.git 344
2023-11-27 06:14:12.938 [warning] [Decorations] CAPPING events from decorations provider vscode.git 344
2023-11-27 06:14:22.759 [warning] [Decorations] CAPPING events from decorations provider vscode.git 345
2023-11-27 06:14:27.803 [warning] [Decorations] CAPPING events from decorations provider vscode.git 345
2023-11-27 06:14:32.854 [warning] [Decorations] CAPPING events from decorations provider vscode.git 345
2023-11-27 06:14:37.956 [warning] [Decorations] CAPPING events from decorations provider vscode.git 346
2023-11-27 06:14:46.032 [warning] [Decorations] CAPPING events from decorations provider vscode.git 347
2023-11-27 06:14:51.736 [warning] [Decorations] CAPPING events from decorations provider vscode.git 346
2023-11-27 06:14:57.268 [warning] [Decorations] CAPPING events from decorations provider vscode.git 346
2023-11-27 06:15:03.626 [warning] [Decorations] CAPPING events from decorations provider vscode.git 346
2023-11-27 06:15:10.336 [warning] [Decorations] CAPPING events from decorations provider vscode.git 346
2023-11-27 06:15:20.353 [warning] [Decorations] CAPPING events from decorations provider vscode.git 346
2023-11-27 06:15:27.692 [warning] [Decorations] CAPPING events from decorations provider vscode.git 346
2023-11-27 06:15:32.801 [warning] [Decorations] CAPPING events from decorations provider vscode.git 346
2023-11-27 06:15:37.844 [warning] [Decorations] CAPPING events from decorations provider vscode.git 346
2023-11-27 06:15:42.884 [warning] [Decorations] CAPPING events from decorations provider vscode.git 346
2023-11-27 06:15:47.932 [warning] [Decorations] CAPPING events from decorations provider vscode.git 346
2023-11-27 06:15:54.831 [warning] [Decorations] CAPPING events from decorations provider vscode.git 347
2023-11-27 06:16:01.417 [warning] [Decorations] CAPPING events from decorations provider vscode.git 347
2023-11-27 06:16:06.586 [warning] [Decorations] CAPPING events from decorations provider vscode.git 348
2023-11-27 06:16:13.403 [warning] [Decorations] CAPPING events from decorations provider vscode.git 349
2023-11-27 06:16:20.603 [warning] [Decorations] CAPPING events from decorations provider vscode.git 348
2023-11-27 06:16:26.083 [warning] [Decorations] CAPPING events from decorations provider vscode.git 348
2023-11-27 06:16:32.205 [warning] [Decorations] CAPPING events from decorations provider vscode.git 348
2023-11-27 06:16:38.760 [warning] [Decorations] CAPPING events from decorations provider vscode.git 348
2023-11-27 06:16:46.188 [warning] [Decorations] CAPPING events from decorations provider vscode.git 348
2023-11-27 06:16:55.048 [warning] [Decorations] CAPPING events from decorations provider vscode.git 348
2023-11-27 06:17:01.585 [warning] [Decorations] CAPPING events from decorations provider vscode.git 348
2023-11-27 06:17:07.064 [warning] [Decorations] CAPPING events from decorations provider vscode.git 349
2023-11-27 06:17:12.165 [warning] [Decorations] CAPPING events from decorations provider vscode.git 349
2023-11-27 06:17:18.733 [warning] [Decorations] CAPPING events from decorations provider vscode.git 350
2023-11-27 06:17:33.482 [warning] [Decorations] CAPPING events from decorations provider vscode.git 350
2023-11-27 06:17:38.524 [warning] [Decorations] CAPPING events from decorations provider vscode.git 350
2023-11-27 06:17:43.573 [warning] [Decorations] CAPPING events from decorations provider vscode.git 350
2023-11-27 06:17:48.630 [warning] [Decorations] CAPPING events from decorations provider vscode.git 351
2023-11-27 06:17:53.726 [warning] [Decorations] CAPPING events from decorations provider vscode.git 351
2023-11-27 06:17:58.841 [warning] [Decorations] CAPPING events from decorations provider vscode.git 351
2023-11-27 06:18:03.912 [warning] [Decorations] CAPPING events from decorations provider vscode.git 351
2023-11-27 06:18:08.951 [warning] [Decorations] CAPPING events from decorations provider vscode.git 351
2023-11-27 06:18:13.993 [warning] [Decorations] CAPPING events from decorations provider vscode.git 351
2023-11-27 06:18:19.102 [warning] [Decorations] CAPPING events from decorations provider vscode.git 351
2023-11-27 06:18:24.170 [warning] [Decorations] CAPPING events from decorations provider vscode.git 351
2023-11-27 06:18:29.218 [warning] [Decorations] CAPPING events from decorations provider vscode.git 351
2023-11-27 06:18:45.594 [warning] [Decorations] CAPPING events from decorations provider vscode.git 352
2023-11-27 06:18:55.006 [warning] [Decorations] CAPPING events from decorations provider vscode.git 351
2023-11-27 06:22:47.549 [warning] [Decorations] CAPPING events from decorations provider vscode.git 351
2023-11-27 06:22:52.601 [warning] [Decorations] CAPPING events from decorations provider vscode.git 351
2023-11-27 06:22:57.708 [warning] [Decorations] CAPPING events from decorations provider vscode.git 351
2023-11-27 06:23:02.762 [warning] [Decorations] CAPPING events from decorations provider vscode.git 352
2023-11-27 06:23:07.805 [warning] [Decorations] CAPPING events from decorations provider vscode.git 353
2023-11-27 06:23:15.720 [warning] [Decorations] CAPPING events from decorations provider vscode.git 352
2023-11-27 06:23:20.767 [warning] [Decorations] CAPPING events from decorations provider vscode.git 353
2023-11-27 06:23:25.816 [warning] [Decorations] CAPPING events from decorations provider vscode.git 353
2023-11-27 06:25:00.148 [warning] [Decorations] CAPPING events from decorations provider vscode.git 353
2023-11-27 06:25:17.015 [warning] [Decorations] CAPPING events from decorations provider vscode.git 353
2023-11-27 06:25:22.066 [warning] [Decorations] CAPPING events from decorations provider vscode.git 353
2023-11-27 06:25:27.156 [warning] [Decorations] CAPPING events from decorations provider vscode.git 353
2023-11-27 06:25:32.255 [warning] [Decorations] CAPPING events from decorations provider vscode.git 353
2023-11-27 06:25:37.346 [warning] [Decorations] CAPPING events from decorations provider vscode.git 353
2023-11-27 06:25:42.417 [warning] [Decorations] CAPPING events from decorations provider vscode.git 353
2023-11-27 06:25:51.679 [warning] [Decorations] CAPPING events from decorations provider vscode.git 354
2023-11-27 06:26:13.462 [warning] [Decorations] CAPPING events from decorations provider vscode.git 353
2023-11-27 06:26:18.554 [warning] [Decorations] CAPPING events from decorations provider vscode.git 354
2023-11-27 06:26:23.601 [warning] [Decorations] CAPPING events from decorations provider vscode.git 354
2023-11-27 06:28:10.856 [warning] [Decorations] CAPPING events from decorations provider vscode.git 354
2023-11-27 06:29:26.188 [warning] [Decorations] CAPPING events from decorations provider vscode.git 354
2023-11-27 06:29:31.298 [warning] [Decorations] CAPPING events from decorations provider vscode.git 355
2023-11-27 06:29:36.419 [warning] [Decorations] CAPPING events from decorations provider vscode.git 355
2023-11-27 06:29:47.214 [warning] [Decorations] CAPPING events from decorations provider vscode.git 355
2023-11-27 06:29:52.282 [warning] [Decorations] CAPPING events from decorations provider vscode.git 355
2023-11-27 06:29:57.381 [warning] [Decorations] CAPPING events from decorations provider vscode.git 355
2023-11-27 06:30:02.430 [warning] [Decorations] CAPPING events from decorations provider vscode.git 355
2023-11-27 06:30:07.484 [warning] [Decorations] CAPPING events from decorations provider vscode.git 355
2023-11-27 06:30:12.538 [warning] [Decorations] CAPPING events from decorations provider vscode.git 355
2023-11-27 06:30:18.039 [warning] [Decorations] CAPPING events from decorations provider vscode.git 355
2023-11-27 06:30:23.086 [warning] [Decorations] CAPPING events from decorations provider vscode.git 355
2023-11-27 06:30:28.133 [warning] [Decorations] CAPPING events from decorations provider vscode.git 355
2023-11-27 06:30:33.182 [warning] [Decorations] CAPPING events from decorations provider vscode.git 355
2023-11-27 06:30:42.780 [warning] [Decorations] CAPPING events from decorations provider vscode.git 355
2023-11-27 06:30:47.882 [warning] [Decorations] CAPPING events from decorations provider vscode.git 356
2023-11-27 06:32:40.828 [warning] [Decorations] CAPPING events from decorations provider vscode.git 357
2023-11-27 06:32:45.865 [warning] [Decorations] CAPPING events from decorations provider vscode.git 356
2023-11-27 06:32:50.908 [warning] [Decorations] CAPPING events from decorations provider vscode.git 356
2023-11-27 06:32:55.954 [warning] [Decorations] CAPPING events from decorations provider vscode.git 356
2023-11-27 06:33:01.048 [warning] [Decorations] CAPPING events from decorations provider vscode.git 356
2023-11-27 06:33:16.024 [warning] [Decorations] CAPPING events from decorations provider vscode.git 357
2023-11-27 06:33:21.092 [warning] [Decorations] CAPPING events from decorations provider vscode.git 357
2023-11-27 06:33:26.186 [warning] [Decorations] CAPPING events from decorations provider vscode.git 357
2023-11-27 06:33:31.238 [warning] [Decorations] CAPPING events from decorations provider vscode.git 357
2023-11-27 06:33:36.293 [warning] [Decorations] CAPPING events from decorations provider vscode.git 357
2023-11-27 06:33:41.333 [warning] [Decorations] CAPPING events from decorations provider vscode.git 358
2023-11-27 06:33:50.847 [warning] [Decorations] CAPPING events from decorations provider vscode.git 360
2023-11-27 06:38:54.585 [warning] [Decorations] CAPPING events from decorations provider vscode.git 366
2023-11-27 06:46:58.870 [warning] [Decorations] CAPPING events from decorations provider vscode.git 366
2023-11-27 07:22:37.022 [warning] [Decorations] CAPPING events from decorations provider vscode.git 366
2023-11-27 07:22:42.084 [warning] [Decorations] CAPPING events from decorations provider vscode.git 366
2023-11-27 07:22:47.186 [warning] [Decorations] CAPPING events from decorations provider vscode.git 366
2023-11-27 07:22:52.240 [warning] [Decorations] CAPPING events from decorations provider vscode.git 366
2023-11-27 07:22:57.304 [warning] [Decorations] CAPPING events from decorations provider vscode.git 366
2023-11-27 07:23:02.349 [warning] [Decorations] CAPPING events from decorations provider vscode.git 366
2023-11-27 07:24:25.037 [warning] [Decorations] CAPPING events from decorations provider vscode.git 366
2023-11-27 07:24:30.145 [warning] [Decorations] CAPPING events from decorations provider vscode.git 366
2023-11-27 07:24:35.248 [warning] [Decorations] CAPPING events from decorations provider vscode.git 366
2023-11-27 07:24:40.291 [warning] [Decorations] CAPPING events from decorations provider vscode.git 366
2023-11-27 07:24:45.339 [warning] [Decorations] CAPPING events from decorations provider vscode.git 366
2023-11-27 07:24:50.383 [warning] [Decorations] CAPPING events from decorations provider vscode.git 366
2023-11-27 07:24:55.423 [warning] [Decorations] CAPPING events from decorations provider vscode.git 367
2023-11-27 07:26:56.826 [warning] [Decorations] CAPPING events from decorations provider vscode.git 367
2023-11-27 07:27:48.982 [warning] [Decorations] CAPPING events from decorations provider vscode.git 367
2023-11-27 07:27:54.050 [warning] [Decorations] CAPPING events from decorations provider vscode.git 367
2023-11-27 07:27:59.094 [warning] [Decorations] CAPPING events from decorations provider vscode.git 368
2023-11-27 07:28:04.144 [warning] [Decorations] CAPPING events from decorations provider vscode.git 368
2023-11-27 07:28:09.194 [warning] [Decorations] CAPPING events from decorations provider vscode.git 368
2023-11-27 07:31:03.676 [warning] [Decorations] CAPPING events from decorations provider vscode.git 373
2023-11-27 07:31:31.540 [warning] [Decorations] CAPPING events from decorations provider vscode.git 372
2023-11-27 07:34:30.467 [warning] [Decorations] CAPPING events from decorations provider vscode.git 372
2023-11-27 07:34:35.518 [warning] [Decorations] CAPPING events from decorations provider vscode.git 372
2023-11-27 07:34:40.609 [warning] [Decorations] CAPPING events from decorations provider vscode.git 372
2023-11-27 07:36:06.020 [warning] [Decorations] CAPPING events from decorations provider vscode.git 372
2023-11-27 07:36:34.898 [warning] [Decorations] CAPPING events from decorations provider vscode.git 372
2023-11-27 07:36:44.310 [warning] [Decorations] CAPPING events from decorations provider vscode.git 372
2023-11-27 07:36:49.415 [warning] [Decorations] CAPPING events from decorations provider vscode.git 372
2023-11-27 07:36:54.497 [warning] [Decorations] CAPPING events from decorations provider vscode.git 373
2023-11-27 07:36:59.548 [warning] [Decorations] CAPPING events from decorations provider vscode.git 374
2023-11-27 07:37:04.649 [warning] [Decorations] CAPPING events from decorations provider vscode.git 374
2023-11-27 07:37:13.698 [warning] [Decorations] CAPPING events from decorations provider vscode.git 374
2023-11-27 07:37:18.752 [warning] [Decorations] CAPPING events from decorations provider vscode.git 374
2023-11-27 07:37:23.796 [warning] [Decorations] CAPPING events from decorations provider vscode.git 374
2023-11-27 07:37:28.844 [warning] [Decorations] CAPPING events from decorations provider vscode.git 374
2023-11-27 07:44:21.234 [warning] [Decorations] CAPPING events from decorations provider vscode.git 374
2023-11-27 07:44:26.288 [warning] [Decorations] CAPPING events from decorations provider vscode.git 374
2023-11-27 07:44:31.333 [warning] [Decorations] CAPPING events from decorations provider vscode.git 374
2023-11-27 07:44:36.376 [warning] [Decorations] CAPPING events from decorations provider vscode.git 374
2023-11-27 07:44:41.464 [warning] [Decorations] CAPPING events from decorations provider vscode.git 375
2023-11-27 07:44:46.522 [warning] [Decorations] CAPPING events from decorations provider vscode.git 376
2023-11-27 07:44:51.608 [warning] [Decorations] CAPPING events from decorations provider vscode.git 375
2023-11-27 07:44:56.665 [warning] [Decorations] CAPPING events from decorations provider vscode.git 375
2023-11-27 07:45:39.010 [warning] [Decorations] CAPPING events from decorations provider vscode.git 375
2023-11-27 07:45:44.056 [warning] [Decorations] CAPPING events from decorations provider vscode.git 375
2023-11-27 07:45:49.163 [warning] [Decorations] CAPPING events from decorations provider vscode.git 375
2023-11-27 07:45:54.215 [warning] [Decorations] CAPPING events from decorations provider vscode.git 375
2023-11-27 07:45:59.262 [warning] [Decorations] CAPPING events from decorations provider vscode.git 376
2023-11-27 07:46:04.318 [warning] [Decorations] CAPPING events from decorations provider vscode.git 375
2023-11-27 07:46:09.425 [warning] [Decorations] CAPPING events from decorations provider vscode.git 375
2023-11-27 07:47:25.554 [warning] [Decorations] CAPPING events from decorations provider vscode.git 375
2023-11-27 07:48:02.719 [warning] [Decorations] CAPPING events from decorations provider vscode.git 375
2023-11-27 07:49:00.509 [warning] [Decorations] CAPPING events from decorations provider vscode.git 375
2023-11-27 07:49:05.600 [warning] [Decorations] CAPPING events from decorations provider vscode.git 375
2023-11-27 07:49:21.901 [warning] [Decorations] CAPPING events from decorations provider vscode.git 375
2023-11-27 07:49:52.734 [warning] [Decorations] CAPPING events from decorations provider vscode.git 378
2023-11-27 07:50:11.651 [warning] [Decorations] CAPPING events from decorations provider vscode.git 378
2023-11-27 07:50:16.733 [warning] [Decorations] CAPPING events from decorations provider vscode.git 378
2023-11-27 07:50:21.835 [warning] [Decorations] CAPPING events from decorations provider vscode.git 378
2023-11-27 07:50:26.907 [warning] [Decorations] CAPPING events from decorations provider vscode.git 378
2023-11-27 07:50:31.950 [warning] [Decorations] CAPPING events from decorations provider vscode.git 378
2023-11-27 07:51:24.145 [warning] [Decorations] CAPPING events from decorations provider vscode.git 378
2023-11-27 07:51:29.205 [warning] [Decorations] CAPPING events from decorations provider vscode.git 378
2023-11-27 07:51:34.258 [warning] [Decorations] CAPPING events from decorations provider vscode.git 378
2023-11-27 07:51:39.317 [warning] [Decorations] CAPPING events from decorations provider vscode.git 378
2023-11-27 07:51:44.415 [warning] [Decorations] CAPPING events from decorations provider vscode.git 379
2023-11-27 07:51:56.914 [warning] [Decorations] CAPPING events from decorations provider vscode.git 380
2023-11-27 07:52:10.335 [warning] [Decorations] CAPPING events from decorations provider vscode.git 379
2023-11-27 07:52:15.384 [warning] [Decorations] CAPPING events from decorations provider vscode.git 379
2023-11-27 07:52:20.557 [warning] [Decorations] CAPPING events from decorations provider vscode.git 379
2023-11-27 07:52:25.617 [warning] [Decorations] CAPPING events from decorations provider vscode.git 379
2023-11-27 07:52:30.700 [warning] [Decorations] CAPPING events from decorations provider vscode.git 380
2023-11-27 07:52:36.462 [warning] [Decorations] CAPPING events from decorations provider vscode.git 381
2023-11-27 07:52:41.506 [warning] [Decorations] CAPPING events from decorations provider vscode.git 380
2023-11-27 07:52:46.559 [warning] [Decorations] CAPPING events from decorations provider vscode.git 380
2023-11-27 07:52:52.122 [warning] [Decorations] CAPPING events from decorations provider vscode.git 380
2023-11-27 07:52:57.202 [warning] [Decorations] CAPPING events from decorations provider vscode.git 380
2023-11-27 07:53:02.251 [warning] [Decorations] CAPPING events from decorations provider vscode.git 380
2023-11-27 07:53:07.982 [warning] [Decorations] CAPPING events from decorations provider vscode.git 380
2023-11-27 07:53:13.053 [warning] [Decorations] CAPPING events from decorations provider vscode.git 380
2023-11-27 07:53:18.099 [warning] [Decorations] CAPPING events from decorations provider vscode.git 380
2023-11-27 07:53:23.148 [warning] [Decorations] CAPPING events from decorations provider vscode.git 380
2023-11-27 07:53:28.244 [warning] [Decorations] CAPPING events from decorations provider vscode.git 381
2023-11-27 07:53:41.580 [warning] [Decorations] CAPPING events from decorations provider vscode.git 382
2023-11-27 07:53:46.660 [warning] [Decorations] CAPPING events from decorations provider vscode.git 381
2023-11-27 07:53:51.710 [warning] [Decorations] CAPPING events from decorations provider vscode.git 381
2023-11-27 07:53:56.797 [warning] [Decorations] CAPPING events from decorations provider vscode.git 381
2023-11-27 07:54:03.888 [warning] [Decorations] CAPPING events from decorations provider vscode.git 382
2023-11-27 07:54:10.225 [warning] [Decorations] CAPPING events from decorations provider vscode.git 382
2023-11-27 07:54:33.308 [warning] [Decorations] CAPPING events from decorations provider vscode.git 382
2023-11-27 07:54:38.419 [warning] [Decorations] CAPPING events from decorations provider vscode.git 382
2023-11-27 07:54:43.459 [warning] [Decorations] CAPPING events from decorations provider vscode.git 382
2023-11-27 07:54:48.494 [warning] [Decorations] CAPPING events from decorations provider vscode.git 390
2023-11-27 07:54:53.538 [warning] [Decorations] CAPPING events from decorations provider vscode.git 390
2023-11-27 07:54:58.578 [warning] [Decorations] CAPPING events from decorations provider vscode.git 390
2023-11-27 07:55:03.627 [warning] [Decorations] CAPPING events from decorations provider vscode.git 390
2023-11-27 07:55:08.685 [warning] [Decorations] CAPPING events from decorations provider vscode.git 390
2023-11-27 07:55:13.774 [warning] [Decorations] CAPPING events from decorations provider vscode.git 391
2023-11-27 07:55:18.824 [warning] [Decorations] CAPPING events from decorations provider vscode.git 392
2023-11-27 07:55:23.932 [warning] [Decorations] CAPPING events from decorations provider vscode.git 391
2023-11-27 07:55:28.982 [warning] [Decorations] CAPPING events from decorations provider vscode.git 391
2023-11-27 07:55:34.040 [warning] [Decorations] CAPPING events from decorations provider vscode.git 391
2023-11-27 07:55:39.091 [warning] [Decorations] CAPPING events from decorations provider vscode.git 392
2023-11-27 07:55:44.428 [warning] [Decorations] CAPPING events from decorations provider vscode.git 393
2023-11-27 07:55:49.480 [warning] [Decorations] CAPPING events from decorations provider vscode.git 392
2023-11-27 07:55:54.546 [warning] [Decorations] CAPPING events from decorations provider vscode.git 392
2023-11-27 07:57:04.652 [warning] [Decorations] CAPPING events from decorations provider vscode.git 393
2023-11-27 07:57:09.701 [warning] [Decorations] CAPPING events from decorations provider vscode.git 393
2023-11-27 07:57:22.127 [warning] [Decorations] CAPPING events from decorations provider vscode.git 394
2023-11-27 07:57:27.197 [warning] [Decorations] CAPPING events from decorations provider vscode.git 394
2023-11-27 07:57:38.156 [warning] [Decorations] CAPPING events from decorations provider vscode.git 395
2023-11-27 07:57:43.255 [warning] [Decorations] CAPPING events from decorations provider vscode.git 395
2023-11-27 07:57:53.193 [warning] [Decorations] CAPPING events from decorations provider vscode.git 396
2023-11-27 07:57:58.244 [warning] [Decorations] CAPPING events from decorations provider vscode.git 396
2023-11-27 07:58:03.348 [warning] [Decorations] CAPPING events from decorations provider vscode.git 396
2023-11-27 07:58:20.254 [warning] [Decorations] CAPPING events from decorations provider vscode.git 396
2023-11-27 07:58:25.345 [warning] [Decorations] CAPPING events from decorations provider vscode.git 396
2023-11-27 07:58:30.398 [warning] [Decorations] CAPPING events from decorations provider vscode.git 396
2023-11-27 07:58:36.467 [warning] [Decorations] CAPPING events from decorations provider vscode.git 396
2023-11-27 07:58:56.763 [warning] [Decorations] CAPPING events from decorations provider vscode.git 396
2023-11-27 07:59:01.820 [warning] [Decorations] CAPPING events from decorations provider vscode.git 396
2023-11-27 07:59:06.921 [warning] [Decorations] CAPPING events from decorations provider vscode.git 396
2023-11-27 07:59:12.030 [warning] [Decorations] CAPPING events from decorations provider vscode.git 396
2023-11-27 07:59:14.666 [info] ExtensionService#_doActivateExtension vscode.json-language-features, startup: false, activationEvent: 'onLanguage:jsonc'
2023-11-27 07:59:14.732 [info] ExtensionService#_doActivateExtension vscode.typescript-language-features, startup: false, activationEvent: 'onLanguage:jsonc'
2023-11-27 07:59:17.126 [warning] [Decorations] CAPPING events from decorations provider vscode.git 397
2023-11-27 07:59:22.244 [warning] [Decorations] CAPPING events from decorations provider vscode.git 397
2023-11-27 07:59:27.346 [warning] [Decorations] CAPPING events from decorations provider vscode.git 397
2023-11-27 07:59:32.390 [warning] [Decorations] CAPPING events from decorations provider vscode.git 397
2023-11-27 07:59:37.434 [warning] [Decorations] CAPPING events from decorations provider vscode.git 397
2023-11-27 07:59:42.485 [warning] [Decorations] CAPPING events from decorations provider vscode.git 398
2023-11-27 07:59:47.542 [warning] [Decorations] CAPPING events from decorations provider vscode.git 410
2023-11-27 07:59:52.600 [warning] [Decorations] CAPPING events from decorations provider vscode.git 410
2023-11-27 07:59:57.652 [warning] [Decorations] CAPPING events from decorations provider vscode.git 410
2023-11-27 08:00:02.694 [warning] [Decorations] CAPPING events from decorations provider vscode.git 410
2023-11-27 08:00:06.241 [warning] vscode.json-language-features - Code actions of kind 'quickfix 'requested but returned code action is of kind 'source.sort.json'. Code action will be dropped. Please check 'CodeActionContext.only' to only return requested code actions.
2023-11-27 08:00:07.755 [warning] [Decorations] CAPPING events from decorations provider vscode.git 410
2023-11-27 08:00:12.846 [warning] [Decorations] CAPPING events from decorations provider vscode.git 410
2023-11-27 08:00:17.958 [warning] [Decorations] CAPPING events from decorations provider vscode.git 412
2023-11-27 08:00:23.026 [warning] [Decorations] CAPPING events from decorations provider vscode.git 411
2023-11-27 08:00:28.076 [warning] [Decorations] CAPPING events from decorations provider vscode.git 411
2023-11-27 08:04:02.113 [warning] [Decorations] CAPPING events from decorations provider vscode.git 411
2023-11-27 08:04:07.177 [warning] [Decorations] CAPPING events from decorations provider vscode.git 411
2023-11-27 08:04:12.232 [warning] [Decorations] CAPPING events from decorations provider vscode.git 411
2023-11-27 08:04:17.283 [warning] [Decorations] CAPPING events from decorations provider vscode.git 411
2023-11-27 08:04:22.393 [warning] [Decorations] CAPPING events from decorations provider vscode.git 411
2023-11-27 08:06:41.516 [warning] [Decorations] CAPPING events from decorations provider vscode.git 412
2023-11-27 08:06:46.571 [warning] [Decorations] CAPPING events from decorations provider vscode.git 412
2023-11-27 08:06:51.630 [warning] [Decorations] CAPPING events from decorations provider vscode.git 412
2023-11-27 08:06:56.677 [warning] [Decorations] CAPPING events from decorations provider vscode.git 413
2023-11-27 08:07:01.721 [warning] [Decorations] CAPPING events from decorations provider vscode.git 413
2023-11-27 08:07:28.880 [warning] [Decorations] CAPPING events from decorations provider vscode.git 413
2023-11-27 08:07:34.006 [warning] [Decorations] CAPPING events from decorations provider vscode.git 413
2023-11-27 08:07:41.198 [warning] [Decorations] CAPPING events from decorations provider vscode.git 413
2023-11-27 08:07:49.322 [warning] [Decorations] CAPPING events from decorations provider vscode.git 413
2023-11-27 08:07:54.386 [warning] [Decorations] CAPPING events from decorations provider vscode.git 413
2023-11-27 08:07:59.446 [warning] [Decorations] CAPPING events from decorations provider vscode.git 413
2023-11-27 08:08:04.495 [warning] [Decorations] CAPPING events from decorations provider vscode.git 413
2023-11-27 08:09:20.360 [warning] [Decorations] CAPPING events from decorations provider vscode.git 413
2023-11-27 08:09:33.149 [warning] [Decorations] CAPPING events from decorations provider vscode.git 413
2023-11-27 08:09:38.247 [warning] [Decorations] CAPPING events from decorations provider vscode.git 413
2023-11-27 08:09:43.302 [warning] [Decorations] CAPPING events from decorations provider vscode.git 413
2023-11-27 08:09:48.362 [warning] [Decorations] CAPPING events from decorations provider vscode.git 413
2023-11-27 08:09:53.465 [warning] [Decorations] CAPPING events from decorations provider vscode.git 413
2023-11-27 08:09:58.520 [warning] [Decorations] CAPPING events from decorations provider vscode.git 413
2023-11-27 08:10:03.567 [warning] [Decorations] CAPPING events from decorations provider vscode.git 413
2023-11-27 08:10:08.631 [warning] [Decorations] CAPPING events from decorations provider vscode.git 413
2023-11-27 08:10:13.698 [warning] [Decorations] CAPPING events from decorations provider vscode.git 413
2023-11-27 08:10:18.756 [warning] [Decorations] CAPPING events from decorations provider vscode.git 413
2023-11-27 08:10:48.931 [warning] [Decorations] CAPPING events from decorations provider vscode.git 413
2023-11-27 08:15:52.547 [warning] [Decorations] CAPPING events from decorations provider vscode.git 415
2023-11-27 08:17:43.484 [warning] [Decorations] CAPPING events from decorations provider vscode.git 415
2023-11-27 08:18:01.997 [warning] [Decorations] CAPPING events from decorations provider vscode.git 415
2023-11-27 08:19:24.348 [warning] [Decorations] CAPPING events from decorations provider vscode.git 415
2023-11-27 08:20:35.217 [warning] [Decorations] CAPPING events from decorations provider vscode.git 416
2023-11-27 08:20:47.007 [warning] [Decorations] CAPPING events from decorations provider vscode.git 416
2023-11-27 08:20:56.303 [warning] [Decorations] CAPPING events from decorations provider vscode.git 416
2023-11-27 08:21:01.391 [warning] [Decorations] CAPPING events from decorations provider vscode.git 417
2023-11-27 08:21:06.444 [warning] [Decorations] CAPPING events from decorations provider vscode.git 417
2023-11-27 08:21:11.494 [warning] [Decorations] CAPPING events from decorations provider vscode.git 417
2023-11-27 08:21:16.544 [warning] [Decorations] CAPPING events from decorations provider vscode.git 417
2023-11-27 08:21:43.335 [warning] [Decorations] CAPPING events from decorations provider vscode.git 417
2023-11-27 08:21:48.387 [warning] [Decorations] CAPPING events from decorations provider vscode.git 417
2023-11-27 08:21:53.434 [warning] [Decorations] CAPPING events from decorations provider vscode.git 417
2023-11-27 08:21:58.541 [warning] [Decorations] CAPPING events from decorations provider vscode.git 417
2023-11-27 08:22:03.583 [warning] [Decorations] CAPPING events from decorations provider vscode.git 417
2023-11-27 08:22:08.626 [warning] [Decorations] CAPPING events from decorations provider vscode.git 417
2023-11-27 08:22:13.729 [warning] [Decorations] CAPPING events from decorations provider vscode.git 417
2023-11-27 08:22:18.810 [warning] [Decorations] CAPPING events from decorations provider vscode.git 417
2023-11-27 08:22:23.851 [warning] [Decorations] CAPPING events from decorations provider vscode.git 417
2023-11-27 08:22:28.900 [warning] [Decorations] CAPPING events from decorations provider vscode.git 417
2023-11-27 08:22:33.944 [warning] [Decorations] CAPPING events from decorations provider vscode.git 417
2023-11-27 08:22:39.025 [warning] [Decorations] CAPPING events from decorations provider vscode.git 417
2023-11-27 08:22:44.079 [warning] [Decorations] CAPPING events from decorations provider vscode.git 417
2023-11-27 08:22:49.118 [warning] [Decorations] CAPPING events from decorations provider vscode.git 417
2023-11-27 08:22:54.162 [warning] [Decorations] CAPPING events from decorations provider vscode.git 417
2023-11-27 08:22:59.207 [warning] [Decorations] CAPPING events from decorations provider vscode.git 417
2023-11-27 08:23:04.299 [warning] [Decorations] CAPPING events from decorations provider vscode.git 417
2023-11-27 08:23:09.347 [warning] [Decorations] CAPPING events from decorations provider vscode.git 417
2023-11-27 08:23:14.466 [warning] [Decorations] CAPPING events from decorations provider vscode.git 417
2023-11-27 08:23:19.533 [warning] [Decorations] CAPPING events from decorations provider vscode.git 417
2023-11-27 08:23:24.581 [warning] [Decorations] CAPPING events from decorations provider vscode.git 417
2023-11-27 08:23:29.630 [warning] [Decorations] CAPPING events from decorations provider vscode.git 417
2023-11-27 08:23:34.702 [warning] [Decorations] CAPPING events from decorations provider vscode.git 417
2023-11-27 08:23:39.746 [warning] [Decorations] CAPPING events from decorations provider vscode.git 417
2023-11-27 08:23:44.857 [warning] [Decorations] CAPPING events from decorations provider vscode.git 417
2023-11-27 08:23:49.964 [warning] [Decorations] CAPPING events from decorations provider vscode.git 417
2023-11-27 08:23:55.081 [warning] [Decorations] CAPPING events from decorations provider vscode.git 417
2023-11-27 08:24:00.192 [warning] [Decorations] CAPPING events from decorations provider vscode.git 417
2023-11-27 08:24:05.236 [warning] [Decorations] CAPPING events from decorations provider vscode.git 417
2023-11-27 08:24:10.294 [warning] [Decorations] CAPPING events from decorations provider vscode.git 417
2023-11-27 08:24:15.347 [warning] [Decorations] CAPPING events from decorations provider vscode.git 417
2023-11-27 08:24:20.391 [warning] [Decorations] CAPPING events from decorations provider vscode.git 417
2023-11-27 08:24:25.440 [warning] [Decorations] CAPPING events from decorations provider vscode.git 417
2023-11-27 08:24:30.488 [warning] [Decorations] CAPPING events from decorations provider vscode.git 417
2023-11-27 08:24:35.540 [warning] [Decorations] CAPPING events from decorations provider vscode.git 417
2023-11-27 08:24:40.594 [warning] [Decorations] CAPPING events from decorations provider vscode.git 417
2023-11-27 08:24:45.639 [warning] [Decorations] CAPPING events from decorations provider vscode.git 417
2023-11-27 08:24:50.699 [warning] [Decorations] CAPPING events from decorations provider vscode.git 417
2023-11-27 08:24:55.743 [warning] [Decorations] CAPPING events from decorations provider vscode.git 417
2023-11-27 08:25:00.794 [warning] [Decorations] CAPPING events from decorations provider vscode.git 417
2023-11-27 08:25:05.839 [warning] [Decorations] CAPPING events from decorations provider vscode.git 418
2023-11-27 08:25:10.903 [warning] [Decorations] CAPPING events from decorations provider vscode.git 417
2023-11-27 08:25:15.950 [warning] [Decorations] CAPPING events from decorations provider vscode.git 417
2023-11-27 08:25:21.004 [warning] [Decorations] CAPPING events from decorations provider vscode.git 417
2023-11-27 08:25:26.093 [warning] [Decorations] CAPPING events from decorations provider vscode.git 417
2023-11-27 08:25:31.135 [warning] [Decorations] CAPPING events from decorations provider vscode.git 417
2023-11-27 08:25:36.623 [warning] [Decorations] CAPPING events from decorations provider vscode.git 417
2023-11-27 08:26:33.262 [warning] [Decorations] CAPPING events from decorations provider vscode.git 417
2023-11-27 08:29:56.237 [warning] [Decorations] CAPPING events from decorations provider vscode.git 418
2023-11-27 08:33:17.520 [warning] [Decorations] CAPPING events from decorations provider vscode.git 418
2023-11-27 08:33:24.889 [warning] [Decorations] CAPPING events from decorations provider vscode.git 418
2023-11-27 08:35:17.514 [warning] [Decorations] CAPPING events from decorations provider vscode.git 418
2023-11-27 08:35:56.989 [warning] [Decorations] CAPPING events from decorations provider vscode.git 418
2023-11-27 08:36:02.034 [warning] [Decorations] CAPPING events from decorations provider vscode.git 419
2023-11-27 08:36:07.078 [warning] [Decorations] CAPPING events from decorations provider vscode.git 419
2023-11-27 08:36:12.146 [warning] [Decorations] CAPPING events from decorations provider vscode.git 419
2023-11-27 08:36:17.196 [warning] [Decorations] CAPPING events from decorations provider vscode.git 419
2023-11-27 08:36:22.258 [warning] [Decorations] CAPPING events from decorations provider vscode.git 420
2023-11-27 08:36:27.368 [warning] [Decorations] CAPPING events from decorations provider vscode.git 421
2023-11-27 08:37:48.057 [warning] [Decorations] CAPPING events from decorations provider vscode.git 421
2023-11-27 08:37:53.168 [warning] [Decorations] CAPPING events from decorations provider vscode.git 421
2023-11-27 08:38:41.825 [warning] [Decorations] CAPPING events from decorations provider vscode.git 421
2023-11-27 08:38:54.782 [warning] [Decorations] CAPPING events from decorations provider vscode.git 421
2023-11-27 08:38:59.874 [warning] [Decorations] CAPPING events from decorations provider vscode.git 421
2023-11-27 08:39:04.921 [warning] [Decorations] CAPPING events from decorations provider vscode.git 421
2023-11-27 08:39:09.968 [warning] [Decorations] CAPPING events from decorations provider vscode.git 421
2023-11-27 08:39:15.026 [warning] [Decorations] CAPPING events from decorations provider vscode.git 421
2023-11-27 08:39:20.110 [warning] [Decorations] CAPPING events from decorations provider vscode.git 421
2023-11-27 08:39:25.218 [warning] [Decorations] CAPPING events from decorations provider vscode.git 421
2023-11-27 08:39:30.275 [warning] [Decorations] CAPPING events from decorations provider vscode.git 421
2023-11-27 08:39:35.323 [warning] [Decorations] CAPPING events from decorations provider vscode.git 421
2023-11-27 08:39:40.384 [warning] [Decorations] CAPPING events from decorations provider vscode.git 421
2023-11-27 08:39:45.493 [warning] [Decorations] CAPPING events from decorations provider vscode.git 421
2023-11-27 08:39:50.538 [warning] [Decorations] CAPPING events from decorations provider vscode.git 422
2023-11-27 08:39:55.595 [warning] [Decorations] CAPPING events from decorations provider vscode.git 423
2023-11-27 08:40:00.874 [warning] [Decorations] CAPPING events from decorations provider vscode.git 422
2023-11-27 08:40:05.925 [warning] [Decorations] CAPPING events from decorations provider vscode.git 423
2023-11-27 08:40:10.982 [warning] [Decorations] CAPPING events from decorations provider vscode.git 423
2023-11-27 08:40:16.067 [warning] [Decorations] CAPPING events from decorations provider vscode.git 423
2023-11-27 08:40:21.119 [warning] [Decorations] CAPPING events from decorations provider vscode.git 424
2023-11-27 08:40:26.164 [warning] [Decorations] CAPPING events from decorations provider vscode.git 424
2023-11-27 08:40:31.262 [warning] [Decorations] CAPPING events from decorations provider vscode.git 425
2023-11-27 08:40:36.349 [warning] [Decorations] CAPPING events from decorations provider vscode.git 426
2023-11-27 08:40:41.402 [warning] [Decorations] CAPPING events from decorations provider vscode.git 425
2023-11-27 08:43:22.199 [warning] [Decorations] CAPPING events from decorations provider vscode.git 434
2023-11-27 08:43:27.258 [warning] [Decorations] CAPPING events from decorations provider vscode.git 434
2023-11-27 08:43:32.324 [warning] [Decorations] CAPPING events from decorations provider vscode.git 434
2023-11-27 08:43:37.371 [warning] [Decorations] CAPPING events from decorations provider vscode.git 434
2023-11-27 08:43:42.416 [warning] [Decorations] CAPPING events from decorations provider vscode.git 434
2023-11-27 08:43:47.469 [warning] [Decorations] CAPPING events from decorations provider vscode.git 434
2023-11-27 08:43:52.520 [warning] [Decorations] CAPPING events from decorations provider vscode.git 434
2023-11-27 08:43:57.631 [warning] [Decorations] CAPPING events from decorations provider vscode.git 434
2023-11-27 08:44:02.680 [warning] [Decorations] CAPPING events from decorations provider vscode.git 434
2023-11-27 08:44:07.736 [warning] [Decorations] CAPPING events from decorations provider vscode.git 435
2023-11-27 08:44:41.829 [warning] [Decorations] CAPPING events from decorations provider vscode.git 436
2023-11-27 08:46:34.048 [warning] [Decorations] CAPPING events from decorations provider vscode.git 435
2023-11-27 08:46:39.476 [warning] [Decorations] CAPPING events from decorations provider vscode.git 435
2023-11-27 08:46:54.648 [warning] [Decorations] CAPPING events from decorations provider vscode.git 435
2023-11-27 08:47:28.579 [warning] [Decorations] CAPPING events from decorations provider vscode.git 435
2023-11-27 08:47:33.644 [warning] [Decorations] CAPPING events from decorations provider vscode.git 435
2023-11-27 08:47:38.702 [warning] [Decorations] CAPPING events from decorations provider vscode.git 435
2023-11-27 08:47:43.758 [warning] [Decorations] CAPPING events from decorations provider vscode.git 435
2023-11-27 08:47:48.806 [warning] [Decorations] CAPPING events from decorations provider vscode.git 435
2023-11-27 08:47:53.855 [warning] [Decorations] CAPPING events from decorations provider vscode.git 435
2023-11-27 08:48:38.719 [warning] [Decorations] CAPPING events from decorations provider vscode.git 435
2023-11-27 08:48:43.774 [warning] [Decorations] CAPPING events from decorations provider vscode.git 435
2023-11-27 08:48:48.882 [warning] [Decorations] CAPPING events from decorations provider vscode.git 435
2023-11-27 08:48:53.961 [warning] [Decorations] CAPPING events from decorations provider vscode.git 435
2023-11-27 08:49:01.604 [warning] [Decorations] CAPPING events from decorations provider vscode.git 434
2023-11-27 08:49:06.655 [warning] [Decorations] CAPPING events from decorations provider vscode.git 434
2023-11-27 08:49:47.945 [warning] [Decorations] CAPPING events from decorations provider vscode.git 434
2023-11-27 08:49:57.449 [warning] [Decorations] CAPPING events from decorations provider vscode.git 434
2023-11-27 08:50:02.500 [warning] [Decorations] CAPPING events from decorations provider vscode.git 434
2023-11-27 08:50:07.605 [warning] [Decorations] CAPPING events from decorations provider vscode.git 434
2023-11-27 08:50:12.672 [warning] [Decorations] CAPPING events from decorations provider vscode.git 435
2023-11-27 08:50:17.786 [warning] [Decorations] CAPPING events from decorations provider vscode.git 434
2023-11-27 08:50:22.877 [warning] [Decorations] CAPPING events from decorations provider vscode.git 433
2023-11-27 08:50:46.575 [warning] [Decorations] CAPPING events from decorations provider vscode.git 433
2023-11-27 08:50:51.631 [warning] [Decorations] CAPPING events from decorations provider vscode.git 433
2023-11-27 08:50:56.688 [warning] [Decorations] CAPPING events from decorations provider vscode.git 433
2023-11-27 08:51:04.796 [warning] [Decorations] CAPPING events from decorations provider vscode.git 433
2023-11-27 08:51:09.894 [warning] [Decorations] CAPPING events from decorations provider vscode.git 433
2023-11-27 08:51:14.950 [warning] [Decorations] CAPPING events from decorations provider vscode.git 433
2023-11-27 08:51:23.309 [warning] [Decorations] CAPPING events from decorations provider vscode.git 433
2023-11-27 08:51:28.356 [warning] [Decorations] CAPPING events from decorations provider vscode.git 433
2023-11-27 08:51:33.459 [warning] [Decorations] CAPPING events from decorations provider vscode.git 433
2023-11-27 08:51:38.572 [warning] [Decorations] CAPPING events from decorations provider vscode.git 433
2023-11-27 08:51:43.629 [warning] [Decorations] CAPPING events from decorations provider vscode.git 433
2023-11-27 08:51:48.672 [warning] [Decorations] CAPPING events from decorations provider vscode.git 434
2023-11-27 08:51:53.759 [warning] [Decorations] CAPPING events from decorations provider vscode.git 434
2023-11-27 08:51:58.804 [warning] [Decorations] CAPPING events from decorations provider vscode.git 434
2023-11-27 08:52:03.863 [warning] [Decorations] CAPPING events from decorations provider vscode.git 434
2023-11-27 08:52:22.947 [warning] [Decorations] CAPPING events from decorations provider vscode.git 434
2023-11-27 08:52:27.990 [warning] [Decorations] CAPPING events from decorations provider vscode.git 434
2023-11-27 08:52:33.107 [warning] [Decorations] CAPPING events from decorations provider vscode.git 434
2023-11-27 08:52:38.160 [warning] [Decorations] CAPPING events from decorations provider vscode.git 434
2023-11-27 08:52:45.854 [warning] [Decorations] CAPPING events from decorations provider vscode.git 435
2023-11-27 08:52:52.070 [warning] [Decorations] CAPPING events from decorations provider vscode.git 434
2023-11-27 08:52:57.175 [warning] [Decorations] CAPPING events from decorations provider vscode.git 434
2023-11-27 08:53:02.582 [warning] [Decorations] CAPPING events from decorations provider vscode.git 435
2023-11-27 08:53:07.637 [warning] [Decorations] CAPPING events from decorations provider vscode.git 435
2023-11-27 08:53:12.680 [warning] [Decorations] CAPPING events from decorations provider vscode.git 436
2023-11-27 08:53:17.785 [warning] [Decorations] CAPPING events from decorations provider vscode.git 436
2023-11-27 08:53:22.829 [warning] [Decorations] CAPPING events from decorations provider vscode.git 436
2023-11-27 08:53:27.893 [warning] [Decorations] CAPPING events from decorations provider vscode.git 436
2023-11-27 08:53:32.975 [warning] [Decorations] CAPPING events from decorations provider vscode.git 436
2023-11-27 08:53:43.976 [warning] [Decorations] CAPPING events from decorations provider vscode.git 437
2023-11-27 08:53:49.086 [warning] [Decorations] CAPPING events from decorations provider vscode.git 436
2023-11-27 08:53:54.203 [warning] [Decorations] CAPPING events from decorations provider vscode.git 437
2023-11-27 08:53:59.259 [warning] [Decorations] CAPPING events from decorations provider vscode.git 438
2023-11-27 08:54:04.375 [warning] [Decorations] CAPPING events from decorations provider vscode.git 437
2023-11-27 08:54:21.352 [warning] [Decorations] CAPPING events from decorations provider vscode.git 438
2023-11-27 08:54:26.455 [warning] [Decorations] CAPPING events from decorations provider vscode.git 438
2023-11-27 08:54:31.530 [warning] [Decorations] CAPPING events from decorations provider vscode.git 438
2023-11-27 08:54:36.637 [warning] [Decorations] CAPPING events from decorations provider vscode.git 438
2023-11-27 08:54:41.741 [warning] [Decorations] CAPPING events from decorations provider vscode.git 438
2023-11-27 08:54:46.785 [warning] [Decorations] CAPPING events from decorations provider vscode.git 439
2023-11-27 08:54:51.832 [warning] [Decorations] CAPPING events from decorations provider vscode.git 438
2023-11-27 08:54:58.657 [warning] [Decorations] CAPPING events from decorations provider vscode.git 438
2023-11-27 08:55:03.702 [warning] [Decorations] CAPPING events from decorations provider vscode.git 438
2023-11-27 08:55:08.759 [warning] [Decorations] CAPPING events from decorations provider vscode.git 438
2023-11-27 08:55:13.816 [warning] [Decorations] CAPPING events from decorations provider vscode.git 438
2023-11-27 08:55:18.869 [warning] [Decorations] CAPPING events from decorations provider vscode.git 438
2023-11-27 08:55:23.926 [warning] [Decorations] CAPPING events from decorations provider vscode.git 438
2023-11-27 08:55:28.977 [warning] [Decorations] CAPPING events from decorations provider vscode.git 438
2023-11-27 08:55:34.087 [warning] [Decorations] CAPPING events from decorations provider vscode.git 439
2023-11-27 08:55:39.189 [warning] [Decorations] CAPPING events from decorations provider vscode.git 440
2023-11-27 08:55:44.239 [warning] [Decorations] CAPPING events from decorations provider vscode.git 439
2023-11-27 08:55:49.285 [warning] [Decorations] CAPPING events from decorations provider vscode.git 439
2023-11-27 08:55:54.340 [warning] [Decorations] CAPPING events from decorations provider vscode.git 439
2023-11-27 08:55:59.393 [warning] [Decorations] CAPPING events from decorations provider vscode.git 439
2023-11-27 08:56:04.443 [warning] [Decorations] CAPPING events from decorations provider vscode.git 439
2023-11-27 08:56:09.491 [warning] [Decorations] CAPPING events from decorations provider vscode.git 439
2023-11-27 08:56:14.564 [warning] [Decorations] CAPPING events from decorations provider vscode.git 439
2023-11-27 08:56:19.610 [warning] [Decorations] CAPPING events from decorations provider vscode.git 439
2023-11-27 08:56:24.659 [warning] [Decorations] CAPPING events from decorations provider vscode.git 439
2023-11-27 08:56:29.758 [warning] [Decorations] CAPPING events from decorations provider vscode.git 439
2023-11-27 08:56:34.804 [warning] [Decorations] CAPPING events from decorations provider vscode.git 440
2023-11-27 08:56:39.857 [warning] [Decorations] CAPPING events from decorations provider vscode.git 441
2023-11-27 08:56:54.545 [warning] [Decorations] CAPPING events from decorations provider vscode.git 440
2023-11-27 08:56:59.654 [warning] [Decorations] CAPPING events from decorations provider vscode.git 440
2023-11-27 08:57:04.705 [warning] [Decorations] CAPPING events from decorations provider vscode.git 440
2023-11-27 08:57:09.749 [warning] [Decorations] CAPPING events from decorations provider vscode.git 440
2023-11-27 08:57:17.040 [warning] [Decorations] CAPPING events from decorations provider vscode.git 440
2023-11-27 08:57:22.085 [warning] [Decorations] CAPPING events from decorations provider vscode.git 440
2023-11-27 08:57:27.126 [warning] [Decorations] CAPPING events from decorations provider vscode.git 440
2023-11-27 08:57:32.225 [warning] [Decorations] CAPPING events from decorations provider vscode.git 440
2023-11-27 08:57:37.276 [warning] [Decorations] CAPPING events from decorations provider vscode.git 440
2023-11-27 08:57:42.329 [warning] [Decorations] CAPPING events from decorations provider vscode.git 440
2023-11-27 08:57:56.686 [warning] [Decorations] CAPPING events from decorations provider vscode.git 454
2023-11-27 08:58:01.746 [warning] [Decorations] CAPPING events from decorations provider vscode.git 454
2023-11-27 08:58:06.788 [warning] [Decorations] CAPPING events from decorations provider vscode.git 454
2023-11-27 08:58:11.901 [warning] [Decorations] CAPPING events from decorations provider vscode.git 454
2023-11-27 08:58:16.966 [warning] [Decorations] CAPPING events from decorations provider vscode.git 454
2023-11-27 08:58:22.076 [warning] [Decorations] CAPPING events from decorations provider vscode.git 454
2023-11-27 08:58:27.136 [warning] [Decorations] CAPPING events from decorations provider vscode.git 454
2023-11-27 08:58:36.364 [warning] [Decorations] CAPPING events from decorations provider vscode.git 454
2023-11-27 08:58:41.421 [warning] [Decorations] CAPPING events from decorations provider vscode.git 454
2023-11-27 08:58:46.468 [warning] [Decorations] CAPPING events from decorations provider vscode.git 454
2023-11-27 08:58:51.561 [warning] [Decorations] CAPPING events from decorations provider vscode.git 454
2023-11-27 08:58:56.608 [warning] [Decorations] CAPPING events from decorations provider vscode.git 454
2023-11-27 09:00:02.569 [warning] [Decorations] CAPPING events from decorations provider vscode.git 454
2023-11-27 09:00:07.673 [warning] [Decorations] CAPPING events from decorations provider vscode.git 454
2023-11-27 09:00:12.745 [warning] [Decorations] CAPPING events from decorations provider vscode.git 454
2023-11-27 09:00:17.804 [warning] [Decorations] CAPPING events from decorations provider vscode.git 454
2023-11-27 09:01:43.787 [warning] [Decorations] CAPPING events from decorations provider vscode.git 454
2023-11-27 09:01:48.836 [warning] [Decorations] CAPPING events from decorations provider vscode.git 454
2023-11-27 09:02:17.267 [warning] [Decorations] CAPPING events from decorations provider vscode.git 454
2023-11-27 09:03:42.080 [warning] [Decorations] CAPPING events from decorations provider vscode.git 454
2023-11-27 09:03:47.142 [warning] [Decorations] CAPPING events from decorations provider vscode.git 454
2023-11-27 09:03:53.318 [warning] [Decorations] CAPPING events from decorations provider vscode.git 455
2023-11-27 09:03:58.369 [warning] [Decorations] CAPPING events from decorations provider vscode.git 455
2023-11-27 09:04:03.429 [warning] [Decorations] CAPPING events from decorations provider vscode.git 455
2023-11-27 09:04:10.173 [warning] [Decorations] CAPPING events from decorations provider vscode.git 456
2023-11-27 09:04:15.228 [warning] [Decorations] CAPPING events from decorations provider vscode.git 456
2023-11-27 09:04:20.270 [warning] [Decorations] CAPPING events from decorations provider vscode.git 456
2023-11-27 09:04:25.324 [warning] [Decorations] CAPPING events from decorations provider vscode.git 457
2023-11-27 09:04:30.434 [warning] [Decorations] CAPPING events from decorations provider vscode.git 457
2023-11-27 09:04:35.505 [warning] [Decorations] CAPPING events from decorations provider vscode.git 458
2023-11-27 09:09:12.554 [warning] [Decorations] CAPPING events from decorations provider vscode.git 463
2023-11-27 09:09:17.602 [warning] [Decorations] CAPPING events from decorations provider vscode.git 463
