2023-11-28 23:46:30.025 [info] Log level: Info
2023-11-28 23:46:30.025 [info] Validating found git in: "git"
2023-11-28 23:46:30.025 [info] Using git "2.43.0" from "git"
2023-11-28 23:46:30.025 [info] > git rev-parse --show-toplevel [10ms]
2023-11-28 23:46:30.025 [info] > git rev-parse --git-dir --git-common-dir [44ms]
2023-11-28 23:46:30.025 [info] Open repository: /home/adithyan/.config
2023-11-28 23:46:30.064 [info] > git rev-parse --show-toplevel [9ms]
2023-11-28 23:46:30.065 [info] > git config --get commit.template [22ms]
2023-11-28 23:46:30.111 [info] > git rev-parse --show-toplevel [26ms]
2023-11-28 23:46:30.114 [info] > git for-each-ref --format=%(refname)%00%(upstream:short)%00%(objectname)%00%(upstream:track)%00%(upstream:remotename)%00%(upstream:remoteref) refs/heads/main refs/remotes/main [14ms]
2023-11-28 23:46:30.145 [info] > git rev-parse --show-toplevel [2ms]
2023-11-28 23:46:30.160 [info] > git rev-parse --show-toplevel [3ms]
2023-11-28 23:46:30.177 [info] > git rev-parse --show-toplevel [5ms]
2023-11-28 23:46:30.192 [info] > git rev-parse --show-toplevel [3ms]
2023-11-28 23:46:30.209 [info] > git status -z -uall [82ms]
2023-11-28 23:46:30.284 [info] > git rev-parse --show-toplevel [79ms]
2023-11-28 23:46:30.299 [info] > git config --get commit.template [16ms]
2023-11-28 23:46:30.301 [info] > git rev-parse --show-toplevel [4ms]
2023-11-28 23:46:30.616 [info] > git rev-parse --show-toplevel [283ms]
2023-11-28 23:46:30.616 [info] > git for-each-ref --format=%(refname)%00%(upstream:short)%00%(objectname)%00%(upstream:track)%00%(upstream:remotename)%00%(upstream:remoteref) refs/heads/main refs/remotes/main [299ms]
2023-11-28 23:46:30.665 [info] > git status -z -uall [39ms]
2023-11-28 23:46:30.665 [info] > git check-ignore -v -z --stdin [13ms]
2023-11-28 23:46:30.707 [info] > git rev-parse --show-toplevel [44ms]
2023-11-28 23:46:30.727 [info] > git rev-parse --show-toplevel [2ms]
2023-11-28 23:46:30.735 [info] > git rev-parse --show-toplevel [1ms]
2023-11-28 23:46:30.746 [info] > git rev-parse --show-toplevel [2ms]
2023-11-28 23:46:30.904 [info] > git rev-parse --show-toplevel [151ms]
2023-11-28 23:46:30.939 [info] > git rev-parse --show-toplevel [14ms]
2023-11-28 23:46:30.952 [info] > git rev-parse --show-toplevel [2ms]
2023-11-28 23:46:30.961 [info] > git rev-parse --show-toplevel [1ms]
2023-11-28 23:46:30.969 [info] > git rev-parse --show-toplevel [2ms]
2023-11-28 23:46:30.979 [info] > git rev-parse --show-toplevel [1ms]
2023-11-28 23:46:30.987 [info] > git rev-parse --show-toplevel [2ms]
2023-11-28 23:46:30.997 [info] > git rev-parse --show-toplevel [2ms]
2023-11-28 23:46:31.010 [info] > git rev-parse --show-toplevel [5ms]
2023-11-28 23:46:31.021 [info] > git rev-parse --show-toplevel [3ms]
2023-11-28 23:46:31.031 [info] > git rev-parse --show-toplevel [2ms]
2023-11-28 23:46:31.041 [info] > git rev-parse --show-toplevel [3ms]
2023-11-28 23:46:31.303 [info] > git show --textconv :hypr/hyprland.conf [9ms]
2023-11-28 23:46:31.305 [info] > git ls-files --stage -- /home/adithyan/.config/hypr/hyprland.conf [2ms]
2023-11-28 23:46:31.313 [info] > git cat-file -s 0c5a45c3db538d2510177036c0b0f2781aa53a68 [1ms]
2023-11-28 23:46:33.260 [info] > git config --get commit.template [16ms]
2023-11-28 23:46:33.261 [info] > git for-each-ref --format=%(refname)%00%(upstream:short)%00%(objectname)%00%(upstream:track)%00%(upstream:remotename)%00%(upstream:remoteref) refs/heads/main refs/remotes/main [3ms]
2023-11-28 23:46:33.294 [info] > git status -z -uall [23ms]
2023-11-28 23:46:36.104 [info] > git show --textconv :waybar/config.jsonc [15ms]
2023-11-28 23:46:36.108 [info] > git ls-files --stage -- /home/adithyan/.config/waybar/config.jsonc [6ms]
2023-11-28 23:46:36.123 [info] > git cat-file -s a73fd5e23505ecab2e7c9b24a957a052ba19893e [4ms]
2023-11-28 23:46:38.341 [info] > git config --get commit.template [3ms]
2023-11-28 23:46:38.359 [info] > git for-each-ref --format=%(refname)%00%(upstream:short)%00%(objectname)%00%(upstream:track)%00%(upstream:remotename)%00%(upstream:remoteref) refs/heads/main refs/remotes/main [4ms]
2023-11-28 23:46:38.394 [info] > git status -z -uall [24ms]
2023-11-28 23:46:43.459 [info] > git config --get commit.template [21ms]
2023-11-28 23:46:43.461 [info] > git for-each-ref --format=%(refname)%00%(upstream:short)%00%(objectname)%00%(upstream:track)%00%(upstream:remotename)%00%(upstream:remoteref) refs/heads/main refs/remotes/main [4ms]
2023-11-28 23:46:43.494 [info] > git status -z -uall [22ms]
2023-11-28 23:46:48.552 [info] > git config --get commit.template [22ms]
2023-11-28 23:46:48.553 [info] > git for-each-ref --format=%(refname)%00%(upstream:short)%00%(objectname)%00%(upstream:track)%00%(upstream:remotename)%00%(upstream:remoteref) refs/heads/main refs/remotes/main [2ms]
2023-11-28 23:46:48.579 [info] > git status -z -uall [17ms]
2023-11-28 23:46:53.636 [info] > git config --get commit.template [23ms]
2023-11-28 23:46:53.638 [info] > git for-each-ref --format=%(refname)%00%(upstream:short)%00%(objectname)%00%(upstream:track)%00%(upstream:remotename)%00%(upstream:remoteref) refs/heads/main refs/remotes/main [5ms]
2023-11-28 23:46:53.697 [info] > git status -z -uall [38ms]
2023-11-28 23:46:58.753 [info] > git config --get commit.template [22ms]
2023-11-28 23:46:58.756 [info] > git for-each-ref --format=%(refname)%00%(upstream:short)%00%(objectname)%00%(upstream:track)%00%(upstream:remotename)%00%(upstream:remoteref) refs/heads/main refs/remotes/main [6ms]
2023-11-28 23:46:58.794 [info] > git status -z -uall [24ms]
2023-11-28 23:47:03.834 [info] > git config --get commit.template [5ms]
2023-11-28 23:47:03.856 [info] > git for-each-ref --format=%(refname)%00%(upstream:short)%00%(objectname)%00%(upstream:track)%00%(upstream:remotename)%00%(upstream:remoteref) refs/heads/main refs/remotes/main [9ms]
2023-11-28 23:47:03.883 [info] > git status -z -uall [17ms]
2023-11-28 23:47:08.943 [info] > git config --get commit.template [22ms]
2023-11-28 23:47:08.947 [info] > git for-each-ref --format=%(refname)%00%(upstream:short)%00%(objectname)%00%(upstream:track)%00%(upstream:remotename)%00%(upstream:remoteref) refs/heads/main refs/remotes/main [6ms]
2023-11-28 23:47:08.982 [info] > git status -z -uall [20ms]
2023-11-28 23:47:14.035 [info] > git config --get commit.template [21ms]
2023-11-28 23:47:14.037 [info] > git for-each-ref --format=%(refname)%00%(upstream:short)%00%(objectname)%00%(upstream:track)%00%(upstream:remotename)%00%(upstream:remoteref) refs/heads/main refs/remotes/main [5ms]
2023-11-28 23:47:14.078 [info] > git status -z -uall [27ms]
