2023-11-26 18:48:23.650 [info] Log level: Info
2023-11-26 18:48:23.650 [info] Validating found git in: "git"
2023-11-26 18:48:23.650 [info] Using git "2.42.1" from "git"
2023-11-26 18:48:23.650 [info] > git rev-parse --show-toplevel [7ms]
2023-11-26 18:48:23.659 [info] > git rev-parse --git-dir --git-common-dir [2ms]
2023-11-26 18:48:23.685 [info] Open repository: /home/adithyan/.config
2023-11-26 18:48:23.717 [info] > git rev-parse --show-toplevel [3ms]
2023-11-26 18:48:23.718 [info] > git config --get commit.template [12ms]
2023-11-26 18:48:23.742 [info] > git rev-parse --show-toplevel [9ms]
2023-11-26 18:48:23.768 [info] > git for-each-ref --format=%(refname)%00%(upstream:short)%00%(objectname)%00%(upstream:track)%00%(upstream:remotename)%00%(upstream:remoteref) refs/heads/main refs/remotes/main [27ms]
2023-11-26 18:48:23.778 [info] > git rev-parse --show-toplevel [11ms]
2023-11-26 18:48:23.810 [info] > git rev-parse --show-toplevel [12ms]
2023-11-26 18:48:23.819 [info] > git status -z -uall [44ms]
2023-11-26 18:48:23.880 [info] > git rev-parse --show-toplevel [63ms]
2023-11-26 18:48:23.900 [info] > git config --get commit.template [21ms]
2023-11-26 18:48:23.902 [info] > git rev-parse --show-toplevel [6ms]
2023-11-26 18:48:24.013 [info] > git rev-parse --show-toplevel [81ms]
2023-11-26 18:48:24.014 [info] > git for-each-ref --format=%(refname)%00%(upstream:short)%00%(objectname)%00%(upstream:track)%00%(upstream:remotename)%00%(upstream:remoteref) refs/heads/main refs/remotes/main [95ms]
2023-11-26 18:48:24.073 [info] > git status -z -uall [52ms]
2023-11-26 18:48:24.074 [info] > git rev-parse --show-toplevel [35ms]
2023-11-26 18:48:24.133 [info] > git rev-parse --show-toplevel [22ms]
2023-11-26 18:48:24.149 [info] > git rev-parse --show-toplevel [5ms]
2023-11-26 18:48:24.171 [info] > git rev-parse --show-toplevel [12ms]
2023-11-26 18:48:24.183 [info] > git rev-parse --show-toplevel [2ms]
2023-11-26 18:48:24.222 [info] > git rev-parse --show-toplevel [32ms]
2023-11-26 18:48:24.234 [info] > git rev-parse --show-toplevel [2ms]
2023-11-26 18:48:24.247 [info] > git rev-parse --show-toplevel [5ms]
2023-11-26 18:48:24.256 [info] > git rev-parse --show-toplevel [2ms]
2023-11-26 18:48:24.265 [info] > git rev-parse --show-toplevel [2ms]
2023-11-26 18:48:24.275 [info] > git rev-parse --show-toplevel [2ms]
2023-11-26 18:48:24.286 [info] > git rev-parse --show-toplevel [2ms]
2023-11-26 18:48:24.309 [info] > git rev-parse --show-toplevel [14ms]
2023-11-26 18:48:24.313 [info] > git check-ignore -v -z --stdin [6ms]
2023-11-26 18:48:24.566 [info] > git show --textconv :hypr/hyprland.conf [10ms]
2023-11-26 18:48:24.568 [info] > git ls-files --stage -- /home/adithyan/.config/hypr/hyprland.conf [3ms]
2023-11-26 18:48:24.580 [info] > git cat-file -s 9b16464cb16dc633720d751e956892722c522bd8 [4ms]
2023-11-26 18:48:26.733 [info] > git config --get commit.template [24ms]
2023-11-26 18:48:26.735 [info] > git for-each-ref --format=%(refname)%00%(upstream:short)%00%(objectname)%00%(upstream:track)%00%(upstream:remotename)%00%(upstream:remoteref) refs/heads/main refs/remotes/main [7ms]
2023-11-26 18:48:26.769 [info] > git status -z -uall [21ms]
2023-11-26 18:48:31.804 [info] > git config --get commit.template [5ms]
2023-11-26 18:48:31.804 [info] > git for-each-ref --format=%(refname)%00%(upstream:short)%00%(objectname)%00%(upstream:track)%00%(upstream:remotename)%00%(upstream:remoteref) refs/heads/main refs/remotes/main [1ms]
2023-11-26 18:48:31.821 [info] > git status -z -uall [13ms]
2023-11-26 18:48:36.880 [info] > git config --get commit.template [26ms]
2023-11-26 18:48:36.883 [info] > git for-each-ref --format=%(refname)%00%(upstream:short)%00%(objectname)%00%(upstream:track)%00%(upstream:remotename)%00%(upstream:remoteref) refs/heads/main refs/remotes/main [5ms]
2023-11-26 18:48:36.933 [info] > git status -z -uall [29ms]
2023-11-26 18:48:41.956 [info] > git config --get commit.template [9ms]
2023-11-26 18:48:41.958 [info] > git for-each-ref --format=%(refname)%00%(upstream:short)%00%(objectname)%00%(upstream:track)%00%(upstream:remotename)%00%(upstream:remoteref) refs/heads/main refs/remotes/main [2ms]
2023-11-26 18:48:41.990 [info] > git status -z -uall [25ms]
2023-11-26 18:48:43.269 [info] > git show --textconv :hypr/hyprland.conf [21ms]
2023-11-26 18:48:43.274 [info] > git ls-files --stage -- /home/adithyan/.config/hypr/hyprland.conf [8ms]
2023-11-26 18:48:43.288 [info] > git cat-file -s 9b16464cb16dc633720d751e956892722c522bd8 [2ms]
2023-11-26 18:48:47.046 [info] > git config --get commit.template [20ms]
2023-11-26 18:48:47.048 [info] > git for-each-ref --format=%(refname)%00%(upstream:short)%00%(objectname)%00%(upstream:track)%00%(upstream:remotename)%00%(upstream:remoteref) refs/heads/main refs/remotes/main [5ms]
2023-11-26 18:48:47.100 [info] > git status -z -uall [35ms]
2023-11-26 18:48:53.153 [info] > git config --get commit.template [22ms]
2023-11-26 18:48:53.155 [info] > git for-each-ref --format=%(refname)%00%(upstream:short)%00%(objectname)%00%(upstream:track)%00%(upstream:remotename)%00%(upstream:remoteref) refs/heads/main refs/remotes/main [7ms]
2023-11-26 18:48:53.203 [info] > git status -z -uall [30ms]
2023-11-26 18:48:58.226 [info] > git config --get commit.template [7ms]
2023-11-26 18:48:58.226 [info] > git for-each-ref --format=%(refname)%00%(upstream:short)%00%(objectname)%00%(upstream:track)%00%(upstream:remotename)%00%(upstream:remoteref) refs/heads/main refs/remotes/main [2ms]
2023-11-26 18:48:58.246 [info] > git status -z -uall [13ms]
2023-11-26 18:49:03.266 [info] > git config --get commit.template [0ms]
2023-11-26 18:49:03.272 [info] > git for-each-ref --format=%(refname)%00%(upstream:short)%00%(objectname)%00%(upstream:track)%00%(upstream:remotename)%00%(upstream:remoteref) refs/heads/main refs/remotes/main [2ms]
2023-11-26 18:49:03.291 [info] > git status -z -uall [14ms]
2023-11-26 18:49:12.837 [info] > git config --get commit.template [26ms]
2023-11-26 18:49:12.839 [info] > git for-each-ref --format=%(refname)%00%(upstream:short)%00%(objectname)%00%(upstream:track)%00%(upstream:remotename)%00%(upstream:remoteref) refs/heads/main refs/remotes/main [6ms]
2023-11-26 18:49:12.881 [info] > git status -z -uall [28ms]
2023-11-26 18:49:17.915 [info] > git config --get commit.template [5ms]
2023-11-26 18:49:17.916 [info] > git for-each-ref --format=%(refname)%00%(upstream:short)%00%(objectname)%00%(upstream:track)%00%(upstream:remotename)%00%(upstream:remoteref) refs/heads/main refs/remotes/main [1ms]
2023-11-26 18:49:17.935 [info] > git status -z -uall [14ms]
2023-11-26 18:49:22.987 [info] > git config --get commit.template [21ms]
2023-11-26 18:49:22.989 [info] > git for-each-ref --format=%(refname)%00%(upstream:short)%00%(objectname)%00%(upstream:track)%00%(upstream:remotename)%00%(upstream:remoteref) refs/heads/main refs/remotes/main [5ms]
2023-11-26 18:49:23.048 [info] > git status -z -uall [39ms]
2023-11-26 18:49:28.074 [info] > git config --get commit.template [6ms]
2023-11-26 18:49:28.074 [info] > git for-each-ref --format=%(refname)%00%(upstream:short)%00%(objectname)%00%(upstream:track)%00%(upstream:remotename)%00%(upstream:remoteref) refs/heads/main refs/remotes/main [1ms]
2023-11-26 18:49:28.094 [info] > git status -z -uall [15ms]
2023-11-26 18:53:29.830 [info] > git config --get commit.template [12ms]
2023-11-26 18:53:29.831 [info] > git for-each-ref --format=%(refname)%00%(upstream:short)%00%(objectname)%00%(upstream:track)%00%(upstream:remotename)%00%(upstream:remoteref) refs/heads/main refs/remotes/main [2ms]
2023-11-26 18:53:29.863 [info] > git status -z -uall [21ms]
2023-11-26 18:53:34.922 [info] > git config --get commit.template [24ms]
2023-11-26 18:53:34.924 [info] > git for-each-ref --format=%(refname)%00%(upstream:short)%00%(objectname)%00%(upstream:track)%00%(upstream:remotename)%00%(upstream:remoteref) refs/heads/main refs/remotes/main [5ms]
2023-11-26 18:53:34.967 [info] > git status -z -uall [28ms]
2023-11-26 18:53:46.784 [info] > git config --get commit.template [3ms]
2023-11-26 18:53:46.797 [info] > git for-each-ref --format=%(refname)%00%(upstream:short)%00%(objectname)%00%(upstream:track)%00%(upstream:remotename)%00%(upstream:remoteref) refs/heads/main refs/remotes/main [3ms]
2023-11-26 18:53:46.833 [info] > git status -z -uall [28ms]
2023-11-26 18:53:51.870 [info] > git config --get commit.template [7ms]
2023-11-26 18:53:51.871 [info] > git for-each-ref --format=%(refname)%00%(upstream:short)%00%(objectname)%00%(upstream:track)%00%(upstream:remotename)%00%(upstream:remoteref) refs/heads/main refs/remotes/main [2ms]
2023-11-26 18:53:51.891 [info] > git status -z -uall [14ms]
2023-11-26 18:53:56.917 [info] > git config --get commit.template [7ms]
2023-11-26 18:53:56.919 [info] > git for-each-ref --format=%(refname)%00%(upstream:short)%00%(objectname)%00%(upstream:track)%00%(upstream:remotename)%00%(upstream:remoteref) refs/heads/main refs/remotes/main [2ms]
2023-11-26 18:53:56.939 [info] > git status -z -uall [14ms]
2023-11-26 18:57:33.219 [info] > git config --get commit.template [6ms]
2023-11-26 18:57:33.242 [info] > git for-each-ref --format=%(refname)%00%(upstream:short)%00%(objectname)%00%(upstream:track)%00%(upstream:remotename)%00%(upstream:remoteref) refs/heads/main refs/remotes/main [5ms]
2023-11-26 18:57:33.296 [info] > git status -z -uall [39ms]
2023-11-26 18:58:26.813 [info] > git config --get commit.template [23ms]
2023-11-26 18:58:26.815 [info] > git for-each-ref --format=%(refname)%00%(upstream:short)%00%(objectname)%00%(upstream:track)%00%(upstream:remotename)%00%(upstream:remoteref) refs/heads/main refs/remotes/main [4ms]
2023-11-26 18:58:26.860 [info] > git status -z -uall [28ms]
2023-11-26 18:58:51.163 [info] > git config --get commit.template [4ms]
2023-11-26 18:58:51.182 [info] > git for-each-ref --format=%(refname)%00%(upstream:short)%00%(objectname)%00%(upstream:track)%00%(upstream:remotename)%00%(upstream:remoteref) refs/heads/main refs/remotes/main [2ms]
2023-11-26 18:58:51.235 [info] > git status -z -uall [37ms]
2023-11-26 19:00:39.183 [info] > git config --get commit.template [8ms]
2023-11-26 19:00:39.222 [info] > git for-each-ref --format=%(refname)%00%(upstream:short)%00%(objectname)%00%(upstream:track)%00%(upstream:remotename)%00%(upstream:remoteref) refs/heads/main refs/remotes/main [4ms]
2023-11-26 19:00:39.287 [info] > git status -z -uall [39ms]
2023-11-26 19:03:48.077 [info] > git config --get commit.template [14ms]
2023-11-26 19:03:48.078 [info] > git for-each-ref --format=%(refname)%00%(upstream:short)%00%(objectname)%00%(upstream:track)%00%(upstream:remotename)%00%(upstream:remoteref) refs/heads/main refs/remotes/main [3ms]
2023-11-26 19:03:48.114 [info] > git status -z -uall [25ms]
2023-11-26 19:06:13.124 [info] > git config --get commit.template [18ms]
2023-11-26 19:06:13.126 [info] > git for-each-ref --format=%(refname)%00%(upstream:short)%00%(objectname)%00%(upstream:track)%00%(upstream:remotename)%00%(upstream:remoteref) refs/heads/main refs/remotes/main [3ms]
2023-11-26 19:06:13.164 [info] > git status -z -uall [27ms]
2023-11-26 19:11:03.384 [info] > git config --get commit.template [16ms]
2023-11-26 19:11:03.387 [info] > git for-each-ref --format=%(refname)%00%(upstream:short)%00%(objectname)%00%(upstream:track)%00%(upstream:remotename)%00%(upstream:remoteref) refs/heads/main refs/remotes/main [5ms]
2023-11-26 19:11:03.425 [info] > git status -z -uall [27ms]
2023-11-26 19:12:33.423 [info] > git config --get commit.template [18ms]
2023-11-26 19:12:33.425 [info] > git for-each-ref --format=%(refname)%00%(upstream:short)%00%(objectname)%00%(upstream:track)%00%(upstream:remotename)%00%(upstream:remoteref) refs/heads/main refs/remotes/main [3ms]
2023-11-26 19:12:33.464 [info] > git status -z -uall [27ms]
2023-11-26 19:14:21.445 [info] > git config --get commit.template [17ms]
2023-11-26 19:14:21.447 [info] > git for-each-ref --format=%(refname)%00%(upstream:short)%00%(objectname)%00%(upstream:track)%00%(upstream:remotename)%00%(upstream:remoteref) refs/heads/main refs/remotes/main [2ms]
2023-11-26 19:14:21.486 [info] > git status -z -uall [26ms]
2023-11-26 19:16:31.273 [info] > git config --get commit.template [18ms]
2023-11-26 19:16:31.274 [info] > git for-each-ref --format=%(refname)%00%(upstream:short)%00%(objectname)%00%(upstream:track)%00%(upstream:remotename)%00%(upstream:remoteref) refs/heads/main refs/remotes/main [3ms]
2023-11-26 19:16:31.313 [info] > git status -z -uall [27ms]
2023-11-26 19:18:00.263 [info] > git config --get commit.template [16ms]
2023-11-26 19:18:00.264 [info] > git for-each-ref --format=%(refname)%00%(upstream:short)%00%(objectname)%00%(upstream:track)%00%(upstream:remotename)%00%(upstream:remoteref) refs/heads/main refs/remotes/main [2ms]
2023-11-26 19:18:00.304 [info] > git status -z -uall [27ms]
2023-11-26 19:18:31.415 [info] > git config --get commit.template [14ms]
2023-11-26 19:18:31.416 [info] > git for-each-ref --format=%(refname)%00%(upstream:short)%00%(objectname)%00%(upstream:track)%00%(upstream:remotename)%00%(upstream:remoteref) refs/heads/main refs/remotes/main [3ms]
2023-11-26 19:18:31.454 [info] > git status -z -uall [25ms]
2023-11-26 19:21:36.005 [info] > git config --get commit.template [14ms]
2023-11-26 19:21:36.006 [info] > git for-each-ref --format=%(refname)%00%(upstream:short)%00%(objectname)%00%(upstream:track)%00%(upstream:remotename)%00%(upstream:remoteref) refs/heads/main refs/remotes/main [6ms]
2023-11-26 19:21:36.042 [info] > git status -z -uall [27ms]
2023-11-26 19:23:11.210 [info] > git config --get commit.template [24ms]
2023-11-26 19:23:11.212 [info] > git for-each-ref --format=%(refname)%00%(upstream:short)%00%(objectname)%00%(upstream:track)%00%(upstream:remotename)%00%(upstream:remoteref) refs/heads/main refs/remotes/main [7ms]
2023-11-26 19:23:11.266 [info] > git status -z -uall [35ms]
2023-11-26 19:24:03.257 [info] > git config --get commit.template [19ms]
2023-11-26 19:24:03.258 [info] > git for-each-ref --format=%(refname)%00%(upstream:short)%00%(objectname)%00%(upstream:track)%00%(upstream:remotename)%00%(upstream:remoteref) refs/heads/main refs/remotes/main [3ms]
2023-11-26 19:24:03.296 [info] > git status -z -uall [26ms]
2023-11-26 19:27:18.009 [info] > git config --get commit.template [18ms]
2023-11-26 19:27:18.010 [info] > git for-each-ref --format=%(refname)%00%(upstream:short)%00%(objectname)%00%(upstream:track)%00%(upstream:remotename)%00%(upstream:remoteref) refs/heads/main refs/remotes/main [3ms]
2023-11-26 19:27:18.050 [info] > git status -z -uall [27ms]
2023-11-26 19:27:23.085 [info] > git config --get commit.template [1ms]
2023-11-26 19:27:23.091 [info] > git for-each-ref --format=%(refname)%00%(upstream:short)%00%(objectname)%00%(upstream:track)%00%(upstream:remotename)%00%(upstream:remoteref) refs/heads/main refs/remotes/main [1ms]
2023-11-26 19:27:23.109 [info] > git status -z -uall [13ms]
2023-11-26 19:27:28.144 [info] > git config --get commit.template [6ms]
2023-11-26 19:27:28.145 [info] > git for-each-ref --format=%(refname)%00%(upstream:short)%00%(objectname)%00%(upstream:track)%00%(upstream:remotename)%00%(upstream:remoteref) refs/heads/main refs/remotes/main [1ms]
2023-11-26 19:27:28.164 [info] > git status -z -uall [14ms]
2023-11-26 19:37:19.513 [info] > git config --get commit.template [14ms]
2023-11-26 19:37:19.515 [info] > git for-each-ref --format=%(refname)%00%(upstream:short)%00%(objectname)%00%(upstream:track)%00%(upstream:remotename)%00%(upstream:remoteref) refs/heads/main refs/remotes/main [3ms]
2023-11-26 19:37:19.551 [info] > git status -z -uall [26ms]
2023-11-26 19:37:26.546 [info] > git config --get commit.template [20ms]
2023-11-26 19:37:26.548 [info] > git for-each-ref --format=%(refname)%00%(upstream:short)%00%(objectname)%00%(upstream:track)%00%(upstream:remotename)%00%(upstream:remoteref) refs/heads/main refs/remotes/main [5ms]
2023-11-26 19:37:26.601 [info] > git status -z -uall [31ms]
2023-11-26 19:37:31.659 [info] > git config --get commit.template [21ms]
2023-11-26 19:37:31.662 [info] > git for-each-ref --format=%(refname)%00%(upstream:short)%00%(objectname)%00%(upstream:track)%00%(upstream:remotename)%00%(upstream:remoteref) refs/heads/main refs/remotes/main [5ms]
2023-11-26 19:37:31.701 [info] > git status -z -uall [26ms]
2023-11-26 19:40:08.089 [info] > git config --get commit.template [12ms]
2023-11-26 19:40:08.090 [info] > git for-each-ref --format=%(refname)%00%(upstream:short)%00%(objectname)%00%(upstream:track)%00%(upstream:remotename)%00%(upstream:remoteref) refs/heads/main refs/remotes/main [2ms]
2023-11-26 19:40:08.113 [info] > git status -z -uall [16ms]
