2023-11-20 23:38:49.993 [info] Log level: Info
2023-11-20 23:38:49.993 [info] Validating found git in: "git"
2023-11-20 23:38:49.993 [info] Using git "2.42.1" from "git"
2023-11-20 23:38:49.993 [info] > git rev-parse --show-toplevel [9ms]
2023-11-20 23:38:49.993 [info] fatal: not a git repository (or any parent up to mount point /)
Stopping at filesystem boundary (GIT_DISCOVERY_ACROSS_FILESYSTEM not set).
2023-11-20 23:38:49.993 [info] > git rev-parse --show-toplevel [27ms]
2023-11-20 23:38:49.993 [info] fatal: not a git repository (or any parent up to mount point /)
Stopping at filesystem boundary (GIT_DISCOVERY_ACROSS_FILESYSTEM not set).
2023-11-20 23:38:49.995 [info] > git rev-parse --show-toplevel [2ms]
2023-11-20 23:38:49.995 [info] fatal: not a git repository (or any parent up to mount point /)
Stopping at filesystem boundary (GIT_DISCOVERY_ACROSS_FILESYSTEM not set).
2023-11-20 23:38:50.165 [info] > git rev-parse --show-toplevel [2ms]
2023-11-20 23:38:50.165 [info] fatal: not a git repository (or any parent up to mount point /)
Stopping at filesystem boundary (GIT_DISCOVERY_ACROSS_FILESYSTEM not set).
2023-11-20 23:38:50.287 [info] > git rev-parse --show-toplevel [1ms]
2023-11-20 23:38:50.287 [info] fatal: not a git repository (or any parent up to mount point /)
Stopping at filesystem boundary (GIT_DISCOVERY_ACROSS_FILESYSTEM not set).
2023-11-20 23:38:50.578 [info] > git rev-parse --show-toplevel [3ms]
2023-11-20 23:38:50.578 [info] fatal: not a git repository (or any parent up to mount point /)
Stopping at filesystem boundary (GIT_DISCOVERY_ACROSS_FILESYSTEM not set).
