2023-11-25 05:24:03.825 [info] Log level: Info
2023-11-25 05:24:03.825 [info] Validating found git in: "git"
2023-11-25 05:24:03.825 [info] Using git "2.42.1" from "git"
2023-11-25 05:24:03.825 [info] > git rev-parse --show-toplevel [14ms]
2023-11-25 05:24:03.825 [info] fatal: not a git repository (or any parent up to mount point /)
Stopping at filesystem boundary (GIT_DISCOVERY_ACROSS_FILESYSTEM not set).
2023-11-25 05:24:03.825 [info] > git rev-parse --show-toplevel [65ms]
2023-11-25 05:24:03.825 [info] fatal: not a git repository (or any parent up to mount point /)
Stopping at filesystem boundary (GIT_DISCOVERY_ACROSS_FILESYSTEM not set).
2023-11-25 05:24:03.825 [info] > git rev-parse --show-toplevel [27ms]
2023-11-25 05:24:03.825 [info] fatal: not a git repository (or any parent up to mount point /)
Stopping at filesystem boundary (GIT_DISCOVERY_ACROSS_FILESYSTEM not set).
2023-11-25 05:24:03.841 [info] > git rev-parse --show-toplevel [3ms]
2023-11-25 05:24:03.841 [info] fatal: not a git repository (or any parent up to mount point /)
Stopping at filesystem boundary (GIT_DISCOVERY_ACROSS_FILESYSTEM not set).
2023-11-25 05:24:03.854 [info] > git rev-parse --show-toplevel [4ms]
2023-11-25 05:24:03.854 [info] fatal: not a git repository (or any parent up to mount point /)
Stopping at filesystem boundary (GIT_DISCOVERY_ACROSS_FILESYSTEM not set).
2023-11-25 05:24:03.874 [info] > git rev-parse --show-toplevel [10ms]
2023-11-25 05:24:03.874 [info] fatal: not a git repository (or any parent up to mount point /)
Stopping at filesystem boundary (GIT_DISCOVERY_ACROSS_FILESYSTEM not set).
2023-11-25 05:24:03.894 [info] > git rev-parse --show-toplevel [9ms]
2023-11-25 05:24:03.894 [info] fatal: not a git repository (or any parent up to mount point /)
Stopping at filesystem boundary (GIT_DISCOVERY_ACROSS_FILESYSTEM not set).
2023-11-25 05:24:03.907 [info] > git rev-parse --show-toplevel [3ms]
2023-11-25 05:24:03.908 [info] fatal: not a git repository (or any parent up to mount point /)
Stopping at filesystem boundary (GIT_DISCOVERY_ACROSS_FILESYSTEM not set).
2023-11-25 05:24:03.921 [info] > git rev-parse --show-toplevel [4ms]
2023-11-25 05:24:03.921 [info] fatal: not a git repository (or any parent up to mount point /)
Stopping at filesystem boundary (GIT_DISCOVERY_ACROSS_FILESYSTEM not set).
2023-11-25 05:24:03.932 [info] > git rev-parse --show-toplevel [3ms]
2023-11-25 05:24:03.932 [info] fatal: not a git repository (or any parent up to mount point /)
Stopping at filesystem boundary (GIT_DISCOVERY_ACROSS_FILESYSTEM not set).
2023-11-25 05:24:03.946 [info] > git rev-parse --show-toplevel [2ms]
2023-11-25 05:24:03.946 [info] fatal: not a git repository (or any parent up to mount point /)
Stopping at filesystem boundary (GIT_DISCOVERY_ACROSS_FILESYSTEM not set).
2023-11-25 05:24:03.958 [info] > git rev-parse --show-toplevel [2ms]
2023-11-25 05:24:03.958 [info] fatal: not a git repository (or any parent up to mount point /)
Stopping at filesystem boundary (GIT_DISCOVERY_ACROSS_FILESYSTEM not set).
2023-11-25 05:24:03.969 [info] > git rev-parse --show-toplevel [2ms]
2023-11-25 05:24:03.969 [info] fatal: not a git repository (or any parent up to mount point /)
Stopping at filesystem boundary (GIT_DISCOVERY_ACROSS_FILESYSTEM not set).
2023-11-25 05:24:03.978 [info] > git rev-parse --show-toplevel [1ms]
2023-11-25 05:24:03.978 [info] fatal: not a git repository (or any parent up to mount point /)
Stopping at filesystem boundary (GIT_DISCOVERY_ACROSS_FILESYSTEM not set).
2023-11-25 05:24:03.989 [info] > git rev-parse --show-toplevel [2ms]
2023-11-25 05:24:03.989 [info] fatal: not a git repository (or any parent up to mount point /)
Stopping at filesystem boundary (GIT_DISCOVERY_ACROSS_FILESYSTEM not set).
2023-11-25 05:24:04.000 [info] > git rev-parse --show-toplevel [2ms]
2023-11-25 05:24:04.000 [info] fatal: not a git repository (or any parent up to mount point /)
Stopping at filesystem boundary (GIT_DISCOVERY_ACROSS_FILESYSTEM not set).
2023-11-25 05:24:04.009 [info] > git rev-parse --show-toplevel [1ms]
2023-11-25 05:24:04.009 [info] fatal: not a git repository (or any parent up to mount point /)
Stopping at filesystem boundary (GIT_DISCOVERY_ACROSS_FILESYSTEM not set).
2023-11-25 05:24:04.019 [info] > git rev-parse --show-toplevel [2ms]
2023-11-25 05:24:04.019 [info] fatal: not a git repository (or any parent up to mount point /)
Stopping at filesystem boundary (GIT_DISCOVERY_ACROSS_FILESYSTEM not set).
2023-11-25 05:24:04.028 [info] > git rev-parse --show-toplevel [1ms]
2023-11-25 05:24:04.028 [info] fatal: not a git repository (or any parent up to mount point /)
Stopping at filesystem boundary (GIT_DISCOVERY_ACROSS_FILESYSTEM not set).
2023-11-25 05:24:04.038 [info] > git rev-parse --show-toplevel [2ms]
2023-11-25 05:24:04.038 [info] fatal: not a git repository (or any parent up to mount point /)
Stopping at filesystem boundary (GIT_DISCOVERY_ACROSS_FILESYSTEM not set).
2023-11-25 05:24:04.049 [info] > git rev-parse --show-toplevel [2ms]
2023-11-25 05:24:04.049 [info] fatal: not a git repository (or any parent up to mount point /)
Stopping at filesystem boundary (GIT_DISCOVERY_ACROSS_FILESYSTEM not set).
2023-11-25 05:24:04.061 [info] > git rev-parse --show-toplevel [1ms]
2023-11-25 05:24:04.061 [info] fatal: not a git repository (or any parent up to mount point /)
Stopping at filesystem boundary (GIT_DISCOVERY_ACROSS_FILESYSTEM not set).
2023-11-25 05:24:04.189 [info] > git rev-parse --show-toplevel [2ms]
2023-11-25 05:24:04.189 [info] fatal: not a git repository (or any parent up to mount point /)
Stopping at filesystem boundary (GIT_DISCOVERY_ACROSS_FILESYSTEM not set).
2023-11-25 05:24:04.415 [info] > git rev-parse --show-toplevel [3ms]
2023-11-25 05:24:04.415 [info] fatal: not a git repository (or any parent up to mount point /)
Stopping at filesystem boundary (GIT_DISCOVERY_ACROSS_FILESYSTEM not set).
2023-11-25 05:26:05.089 [info] > git rev-parse --show-toplevel [1ms]
2023-11-25 05:26:05.089 [info] fatal: not a git repository (or any parent up to mount point /)
Stopping at filesystem boundary (GIT_DISCOVERY_ACROSS_FILESYSTEM not set).
2023-11-25 05:26:08.620 [info] > git rev-parse --show-toplevel [1ms]
2023-11-25 05:26:08.620 [info] fatal: not a git repository (or any parent up to mount point /)
Stopping at filesystem boundary (GIT_DISCOVERY_ACROSS_FILESYSTEM not set).
2023-11-25 05:26:13.824 [info] > git rev-parse --show-toplevel [2ms]
2023-11-25 05:26:13.824 [info] fatal: not a git repository (or any parent up to mount point /)
Stopping at filesystem boundary (GIT_DISCOVERY_ACROSS_FILESYSTEM not set).
2023-11-25 05:26:20.828 [info] > git rev-parse --show-toplevel [1ms]
2023-11-25 05:26:20.828 [info] fatal: not a git repository (or any parent up to mount point /)
Stopping at filesystem boundary (GIT_DISCOVERY_ACROSS_FILESYSTEM not set).
