2023-11-25 05:26:33.152 [info] Log level: Info
2023-11-25 05:26:33.152 [info] Validating found git in: "git"
2023-11-25 05:26:33.152 [info] Using git "2.42.1" from "git"
2023-11-25 05:26:33.152 [info] > git rev-parse --show-toplevel [16ms]
2023-11-25 05:26:33.152 [info] fatal: not a git repository (or any parent up to mount point /)
Stopping at filesystem boundary (GIT_DISCOVERY_ACROSS_FILESYSTEM not set).
2023-11-25 05:26:33.152 [info] > git rev-parse --show-toplevel [1ms]
2023-11-25 05:26:33.152 [info] fatal: not a git repository (or any parent up to mount point /)
Stopping at filesystem boundary (GIT_DISCOVERY_ACROSS_FILESYSTEM not set).
2023-11-25 05:26:33.152 [info] > git rev-parse --show-toplevel [2ms]
2023-11-25 05:26:33.152 [info] fatal: not a git repository (or any parent up to mount point /)
Stopping at filesystem boundary (GIT_DISCOVERY_ACROSS_FILESYSTEM not set).
2023-11-25 05:26:33.160 [info] > git rev-parse --show-toplevel [1ms]
2023-11-25 05:26:33.160 [info] fatal: not a git repository (or any parent up to mount point /)
Stopping at filesystem boundary (GIT_DISCOVERY_ACROSS_FILESYSTEM not set).
2023-11-25 05:26:33.167 [info] > git rev-parse --show-toplevel [1ms]
2023-11-25 05:26:33.167 [info] fatal: not a git repository (or any parent up to mount point /)
Stopping at filesystem boundary (GIT_DISCOVERY_ACROSS_FILESYSTEM not set).
2023-11-25 05:26:33.175 [info] > git rev-parse --show-toplevel [2ms]
2023-11-25 05:26:33.175 [info] fatal: not a git repository (or any parent up to mount point /)
Stopping at filesystem boundary (GIT_DISCOVERY_ACROSS_FILESYSTEM not set).
2023-11-25 05:26:33.184 [info] > git rev-parse --show-toplevel [1ms]
2023-11-25 05:26:33.184 [info] fatal: not a git repository (or any parent up to mount point /)
Stopping at filesystem boundary (GIT_DISCOVERY_ACROSS_FILESYSTEM not set).
2023-11-25 05:26:33.195 [info] > git rev-parse --show-toplevel [2ms]
2023-11-25 05:26:33.195 [info] fatal: not a git repository (or any parent up to mount point /)
Stopping at filesystem boundary (GIT_DISCOVERY_ACROSS_FILESYSTEM not set).
2023-11-25 05:26:33.204 [info] > git rev-parse --show-toplevel [1ms]
2023-11-25 05:26:33.204 [info] fatal: not a git repository (or any parent up to mount point /)
Stopping at filesystem boundary (GIT_DISCOVERY_ACROSS_FILESYSTEM not set).
2023-11-25 05:26:33.222 [info] > git rev-parse --show-toplevel [8ms]
2023-11-25 05:26:33.222 [info] fatal: not a git repository (or any parent up to mount point /)
Stopping at filesystem boundary (GIT_DISCOVERY_ACROSS_FILESYSTEM not set).
2023-11-25 05:26:33.229 [info] > git rev-parse --show-toplevel [1ms]
2023-11-25 05:26:33.229 [info] fatal: not a git repository (or any parent up to mount point /)
Stopping at filesystem boundary (GIT_DISCOVERY_ACROSS_FILESYSTEM not set).
2023-11-25 05:26:33.235 [info] > git rev-parse --show-toplevel [1ms]
2023-11-25 05:26:33.235 [info] fatal: not a git repository (or any parent up to mount point /)
Stopping at filesystem boundary (GIT_DISCOVERY_ACROSS_FILESYSTEM not set).
2023-11-25 05:26:33.243 [info] > git rev-parse --show-toplevel [2ms]
2023-11-25 05:26:33.243 [info] fatal: not a git repository (or any parent up to mount point /)
Stopping at filesystem boundary (GIT_DISCOVERY_ACROSS_FILESYSTEM not set).
2023-11-25 05:26:33.250 [info] > git rev-parse --show-toplevel [1ms]
2023-11-25 05:26:33.250 [info] fatal: not a git repository (or any parent up to mount point /)
Stopping at filesystem boundary (GIT_DISCOVERY_ACROSS_FILESYSTEM not set).
2023-11-25 05:26:33.257 [info] > git rev-parse --show-toplevel [1ms]
2023-11-25 05:26:33.257 [info] fatal: not a git repository (or any parent up to mount point /)
Stopping at filesystem boundary (GIT_DISCOVERY_ACROSS_FILESYSTEM not set).
2023-11-25 05:26:33.268 [info] > git rev-parse --show-toplevel [1ms]
2023-11-25 05:26:33.268 [info] fatal: not a git repository (or any parent up to mount point /)
Stopping at filesystem boundary (GIT_DISCOVERY_ACROSS_FILESYSTEM not set).
2023-11-25 05:26:33.275 [info] > git rev-parse --show-toplevel [1ms]
2023-11-25 05:26:33.275 [info] fatal: not a git repository (or any parent up to mount point /)
Stopping at filesystem boundary (GIT_DISCOVERY_ACROSS_FILESYSTEM not set).
2023-11-25 05:26:33.281 [info] > git rev-parse --show-toplevel [1ms]
2023-11-25 05:26:33.281 [info] fatal: not a git repository (or any parent up to mount point /)
Stopping at filesystem boundary (GIT_DISCOVERY_ACROSS_FILESYSTEM not set).
2023-11-25 05:26:33.297 [info] > git rev-parse --show-toplevel [10ms]
2023-11-25 05:26:33.297 [info] fatal: not a git repository (or any parent up to mount point /)
Stopping at filesystem boundary (GIT_DISCOVERY_ACROSS_FILESYSTEM not set).
2023-11-25 05:26:33.309 [info] > git rev-parse --show-toplevel [1ms]
2023-11-25 05:26:33.309 [info] fatal: not a git repository (or any parent up to mount point /)
Stopping at filesystem boundary (GIT_DISCOVERY_ACROSS_FILESYSTEM not set).
2023-11-25 05:26:33.517 [info] > git rev-parse --show-toplevel [2ms]
2023-11-25 05:26:33.517 [info] fatal: not a git repository (or any parent up to mount point /)
Stopping at filesystem boundary (GIT_DISCOVERY_ACROSS_FILESYSTEM not set).
2023-11-25 05:26:44.124 [info] > git rev-parse --show-toplevel [3ms]
2023-11-25 05:26:44.124 [info] fatal: not a git repository (or any parent up to mount point /)
Stopping at filesystem boundary (GIT_DISCOVERY_ACROSS_FILESYSTEM not set).
2023-11-25 05:56:30.087 [info] > git rev-parse --show-toplevel [1ms]
2023-11-25 05:56:30.087 [info] fatal: not a git repository (or any parent up to mount point /)
Stopping at filesystem boundary (GIT_DISCOVERY_ACROSS_FILESYSTEM not set).
